<?xml version="1.0" encoding="UTF-8"?>
<coverage generated="1771046810798" clover="3.2.0">
  <project timestamp="1771046810798" name="All files">
    <metrics statements="374" coveredstatements="367" conditionals="313" coveredconditionals="306" methods="69" coveredmethods="69" elements="756" coveredelements="742" complexity="0" loc="374" ncloc="374" packages="1" files="3" classes="3"/>
    <file name="interval.ts" path="C:\Users\colin\Git Repos\cjsutils\src\interval.ts">
      <metrics statements="183" coveredstatements="181" conditionals="183" coveredconditionals="182" methods="34" coveredmethods="34"/>
      <line num="17" count="3" type="stmt"/>
      <line num="22" count="6520" type="stmt"/>
      <line num="23" count="6520" type="stmt"/>
      <line num="37" count="8" type="cond" truecount="3" falsecount="0"/>
      <line num="38" count="3" type="stmt"/>
      <line num="40" count="8" type="cond" truecount="2" falsecount="0"/>
      <line num="68" count="3" type="stmt"/>
      <line num="74" count="999" type="cond" truecount="1" falsecount="0"/>
      <line num="75" count="194" type="stmt"/>
      <line num="78" count="991" type="cond" truecount="1" falsecount="0"/>
      <line num="79" count="3" type="stmt"/>
      <line num="84" count="988" type="stmt"/>
      <line num="85" count="988" type="stmt"/>
      <line num="86" count="988" type="stmt"/>
      <line num="91" count="2567" type="stmt"/>
      <line num="94" count="46" type="stmt"/>
      <line num="95" count="46" type="stmt"/>
      <line num="96" count="45" type="stmt"/>
      <line num="97" count="44" type="stmt"/>
      <line num="102" count="2547" type="stmt"/>
      <line num="105" count="42" type="stmt"/>
      <line num="106" count="42" type="stmt"/>
      <line num="107" count="41" type="stmt"/>
      <line num="108" count="38" type="stmt"/>
      <line num="112" count="61139" type="cond" truecount="2" falsecount="0"/>
      <line num="115" count="40" type="stmt"/>
      <line num="116" count="40" type="cond" truecount="2" falsecount="0"/>
      <line num="117" count="39" type="stmt"/>
      <line num="118" count="39" type="stmt"/>
      <line num="119" count="38" type="stmt"/>
      <line num="121" count="1" type="stmt"/>
      <line num="122" count="1" type="stmt"/>
      <line num="123" count="1" type="stmt"/>
      <line num="128" count="40910" type="cond" truecount="2" falsecount="0"/>
      <line num="131" count="36" type="stmt"/>
      <line num="132" count="36" type="cond" truecount="2" falsecount="0"/>
      <line num="133" count="1" type="stmt"/>
      <line num="134" count="1" type="stmt"/>
      <line num="135" count="1" type="stmt"/>
      <line num="137" count="35" type="stmt"/>
      <line num="138" count="35" type="stmt"/>
      <line num="139" count="34" type="stmt"/>
      <line num="154" count="23" type="stmt"/>
      <line num="168" count="10151" type="stmt"/>
      <line num="169" count="10149" type="stmt"/>
      <line num="171" count="10149" type="stmt"/>
      <line num="173" count="10149" type="cond" truecount="2" falsecount="0"/>
      <line num="174" count="26" type="cond" truecount="2" falsecount="0"/>
      <line num="176" count="10123" type="stmt"/>
      <line num="180" count="10149" type="stmt"/>
      <line num="194" count="10088" type="stmt"/>
      <line num="195" count="10088" type="stmt"/>
      <line num="197" count="10088" type="stmt"/>
      <line num="199" count="10088" type="cond" truecount="2" falsecount="0"/>
      <line num="200" count="54" type="cond" truecount="2" falsecount="0"/>
      <line num="202" count="10034" type="stmt"/>
      <line num="206" count="10088" type="stmt"/>
      <line num="224" count="61" type="cond" truecount="1" falsecount="0"/>
      <line num="225" count="40" type="stmt"/>
      <line num="226" count="39" type="stmt"/>
      <line num="228" count="39" type="cond" truecount="4" falsecount="0"/>
      <line num="229" count="39" type="cond" truecount="4" falsecount="0"/>
      <line num="231" count="39" type="cond" truecount="2" falsecount="0"/>
      <line num="234" count="21" type="cond" truecount="2" falsecount="0"/>
      <line num="251" count="5087" type="cond" truecount="4" falsecount="0"/>
      <line num="271" count="5010" type="stmt"/>
      <line num="272" count="5010" type="stmt"/>
      <line num="273" count="5010" type="cond" truecount="2" falsecount="0"/>
      <line num="274" count="5010" type="cond" truecount="2" falsecount="0"/>
      <line num="275" count="5010" type="cond" truecount="2" falsecount="0"/>
      <line num="291" count="4" type="stmt"/>
      <line num="292" count="4" type="stmt"/>
      <line num="293" count="4" type="stmt"/>
      <line num="294" count="4" type="cond" truecount="0" falsecount="1"/>
      <line num="295" count="4" type="cond" truecount="1" falsecount="0"/>
      <line num="297" count="2" type="cond" truecount="2" falsecount="0"/>
      <line num="307" count="248" type="cond" truecount="2" falsecount="0"/>
      <line num="308" count="248" type="cond" truecount="2" falsecount="0"/>
      <line num="309" count="248" type="stmt"/>
      <line num="332" count="6" type="cond" truecount="1" falsecount="0"/>
      <line num="333" count="2" type="stmt"/>
      <line num="338" count="4" type="stmt"/>
      <line num="339" count="4" type="stmt"/>
      <line num="340" count="4" type="cond" truecount="1" falsecount="0"/>
      <line num="341" count="2" type="stmt"/>
      <line num="344" count="2" type="cond" truecount="2" falsecount="0"/>
      <line num="345" count="2" type="cond" truecount="2" falsecount="0"/>
      <line num="346" count="2" type="cond" truecount="3" falsecount="0"/>
      <line num="347" count="1" type="stmt"/>
      <line num="349" count="1" type="cond" truecount="3" falsecount="0"/>
      <line num="350" count="1" type="stmt"/>
      <line num="352" count="0" type="stmt"/>
      <line num="379" count="29" type="cond" truecount="1" falsecount="0"/>
      <line num="380" count="1" type="stmt"/>
      <line num="384" count="28" type="stmt"/>
      <line num="385" count="28" type="cond" truecount="2" falsecount="0"/>
      <line num="392" count="28" type="stmt"/>
      <line num="393" count="28" type="cond" truecount="2" falsecount="0"/>
      <line num="400" count="28" type="stmt"/>
      <line num="401" count="28" type="cond" truecount="1" falsecount="0"/>
      <line num="403" count="25" type="stmt"/>
      <line num="406" count="25" type="cond" truecount="1" falsecount="0"/>
      <line num="408" count="23" type="stmt"/>
      <line num="441" count="24" type="stmt"/>
      <line num="468" count="51" type="cond" truecount="2" falsecount="0"/>
      <line num="470" count="49" type="cond" truecount="1" falsecount="0"/>
      <line num="471" count="4" type="stmt"/>
      <line num="477" count="45" type="stmt"/>
      <line num="478" count="45" type="stmt"/>
      <line num="480" count="45" type="cond" truecount="2" falsecount="0"/>
      <line num="486" count="45" type="cond" truecount="2" falsecount="0"/>
      <line num="492" count="45" type="stmt"/>
      <line num="510" count="164" type="stmt"/>
      <line num="511" count="164" type="stmt"/>
      <line num="512" count="164" type="cond" truecount="2" falsecount="0"/>
      <line num="513" count="164" type="cond" truecount="2" falsecount="0"/>
      <line num="515" count="164" type="cond" truecount="4" falsecount="0"/>
      <line num="516" count="2" type="stmt"/>
      <line num="536" count="162" type="stmt"/>
      <line num="537" count="162" type="cond" truecount="4" falsecount="0"/>
      <line num="538" count="6" type="stmt"/>
      <line num="558" count="29" type="stmt"/>
      <line num="559" count="29" type="stmt"/>
      <line num="560" count="29" type="cond" truecount="2" falsecount="0"/>
      <line num="561" count="29" type="cond" truecount="2" falsecount="0"/>
      <line num="562" count="29" type="cond" truecount="3" falsecount="0"/>
      <line num="582" count="51005" type="cond" truecount="3" falsecount="0"/>
      <line num="583" count="177" type="cond" truecount="4" falsecount="0"/>
      <line num="585" count="50828" type="cond" truecount="3" falsecount="0"/>
      <line num="586" count="50791" type="cond" truecount="1" falsecount="0"/>
      <line num="587" count="20466" type="cond" truecount="1" falsecount="0"/>
      <line num="588" count="200" type="stmt"/>
      <line num="591" count="37" type="cond" truecount="3" falsecount="0"/>
      <line num="592" count="28" type="cond" truecount="1" falsecount="0"/>
      <line num="593" count="26" type="cond" truecount="2" falsecount="0"/>
      <line num="595" count="2" type="stmt"/>
      <line num="597" count="9" type="cond" truecount="3" falsecount="0"/>
      <line num="598" count="9" type="cond" truecount="1" falsecount="0"/>
      <line num="599" count="6" type="cond" truecount="2" falsecount="0"/>
      <line num="601" count="3" type="stmt"/>
      <line num="604" count="0" type="stmt"/>
      <line num="619" count="475" type="stmt"/>
      <line num="622" count="475" type="cond" truecount="1" falsecount="0"/>
      <line num="623" count="77" type="stmt"/>
      <line num="624" count="77" type="stmt"/>
      <line num="625" count="76" type="stmt"/>
      <line num="627" count="1" type="stmt"/>
      <line num="632" count="398" type="stmt"/>
      <line num="633" count="398" type="cond" truecount="1" falsecount="0"/>
      <line num="634" count="3" type="stmt"/>
      <line num="637" count="395" type="stmt"/>
      <line num="655" count="1300" type="cond" truecount="2" falsecount="0"/>
      <line num="656" count="1300" type="cond" truecount="2" falsecount="0"/>
      <line num="659" count="1300" type="cond" truecount="2" falsecount="0"/>
      <line num="661" count="1300" type="cond" truecount="2" falsecount="0"/>
      <line num="663" count="1300" type="cond" truecount="3" falsecount="0"/>
      <line num="664" count="1300" type="stmt"/>
      <line num="682" count="55" type="stmt"/>
      <line num="683" count="55" type="stmt"/>
      <line num="684" count="32" type="stmt"/>
      <line num="686" count="23" type="stmt"/>
      <line num="707" count="257" type="stmt"/>
      <line num="708" count="257" type="stmt"/>
      <line num="709" count="257" type="stmt"/>
      <line num="710" count="257" type="cond" truecount="5" falsecount="0"/>
      <line num="711" count="16" type="stmt"/>
      <line num="714" count="241" type="stmt"/>
      <line num="715" count="241" type="cond" truecount="1" falsecount="0"/>
      <line num="716" count="2" type="stmt"/>
      <line num="719" count="239" type="stmt"/>
      <line num="720" count="239" type="stmt"/>
      <line num="722" count="239" type="stmt"/>
      <line num="723" count="236" type="stmt"/>
      <line num="725" count="235" type="stmt"/>
      <line num="726" count="235" type="stmt"/>
      <line num="727" count="235" type="stmt"/>
      <line num="732" count="235" type="cond" truecount="1" falsecount="0"/>
      <line num="733" count="12" type="stmt"/>
      <line num="735" count="223" type="stmt"/>
      <line num="750" count="164" type="cond" truecount="2" falsecount="0"/>
      <line num="760" count="233" type="stmt"/>
      <line num="774" count="3" type="stmt"/>
      <line num="775" count="496" type="cond" truecount="2" falsecount="0"/>
    </file>
    <file name="intervalSet.ts" path="C:\Users\colin\Git Repos\cjsutils\src\intervalSet.ts">
      <metrics statements="131" coveredstatements="131" conditionals="63" coveredconditionals="63" methods="32" coveredmethods="32"/>
      <line num="1" count="1" type="stmt"/>
      <line num="8" count="1" type="stmt"/>
      <line num="9" count="2" type="stmt"/>
      <line num="34" count="1" type="stmt"/>
      <line num="35" count="86" type="stmt"/>
      <line num="36" count="86" type="stmt"/>
      <line num="62" count="86" type="cond" truecount="1" falsecount="0"/>
      <line num="63" count="11" type="stmt"/>
      <line num="64" count="15" type="stmt"/>
      <line num="65" count="15" type="stmt"/>
      <line num="68" count="86" type="cond" truecount="2" falsecount="0"/>
      <line num="79" count="355" type="stmt"/>
      <line num="96" count="101" type="stmt"/>
      <line num="99" count="98" type="stmt"/>
      <line num="100" count="98" type="cond" truecount="1" falsecount="0"/>
      <line num="101" count="64" type="stmt"/>
      <line num="123" count="294" type="stmt"/>
      <line num="124" count="5040" type="cond" truecount="2" falsecount="0"/>
      <line num="125" count="12" type="stmt"/>
      <line num="126" count="5028" type="cond" truecount="2" falsecount="0"/>
      <line num="127" count="5018" type="stmt"/>
      <line num="129" count="10" type="cond" truecount="4" falsecount="0"/>
      <line num="130" count="5" type="stmt"/>
      <line num="131" count="5" type="cond" truecount="4" falsecount="0"/>
      <line num="132" count="1" type="stmt"/>
      <line num="134" count="4" type="stmt"/>
      <line num="153" count="229" type="stmt"/>
      <line num="154" count="226" type="stmt"/>
      <line num="155" count="226" type="cond" truecount="1" falsecount="0"/>
      <line num="156" count="186" type="stmt"/>
      <line num="173" count="16" type="stmt"/>
      <line num="174" count="16" type="stmt"/>
      <line num="175" count="24" type="stmt"/>
      <line num="193" count="3" type="stmt"/>
      <line num="204" count="2" type="stmt"/>
      <line num="217" count="254" type="stmt"/>
      <line num="219" count="254" type="stmt"/>
      <line num="220" count="254" type="stmt"/>
      <line num="221" count="5004" type="stmt"/>
      <line num="222" count="5004" type="stmt"/>
      <line num="225" count="5004" type="cond" truecount="4" falsecount="0"/>
      <line num="227" count="25" type="stmt"/>
      <line num="228" count="25" type="stmt"/>
      <line num="229" count="25" type="stmt"/>
      <line num="230" count="25" type="stmt"/>
      <line num="232" count="4979" type="stmt"/>
      <line num="259" count="17" type="cond" truecount="2" falsecount="0"/>
      <line num="260" count="24" type="stmt"/>
      <line num="261" count="17" type="cond" truecount="1" falsecount="0"/>
      <line num="262" count="4" type="stmt"/>
      <line num="264" count="17" type="stmt"/>
      <line num="266" count="17" type="cond" truecount="2" falsecount="0"/>
      <line num="280" count="8" type="stmt"/>
      <line num="281" count="9" type="stmt"/>
      <line num="282" count="8" type="cond" truecount="1" falsecount="0"/>
      <line num="283" count="2" type="stmt"/>
      <line num="285" count="7" type="stmt"/>
      <line num="287" count="6" type="cond" truecount="1" falsecount="0"/>
      <line num="288" count="2" type="stmt"/>
      <line num="291" count="4" type="cond" truecount="1" falsecount="0"/>
      <line num="292" count="3" type="stmt"/>
      <line num="303" count="4" type="stmt"/>
      <line num="304" count="1" type="stmt"/>
      <line num="305" count="1" type="stmt"/>
      <line num="306" count="1" type="stmt"/>
      <line num="314" count="4" type="cond" truecount="1" falsecount="0"/>
      <line num="315" count="2" type="stmt"/>
      <line num="326" count="4" type="stmt"/>
      <line num="337" count="9" type="stmt"/>
      <line num="338" count="9" type="cond" truecount="1" falsecount="0"/>
      <line num="339" count="5" type="stmt"/>
      <line num="341" count="4" type="cond" truecount="1" falsecount="0"/>
      <line num="342" count="4" type="stmt"/>
      <line num="343" count="5" type="stmt"/>
      <line num="344" count="5" type="stmt"/>
      <line num="346" count="5" type="cond" truecount="1" falsecount="0"/>
      <line num="351" count="5" type="stmt"/>
      <line num="360" count="4" type="stmt"/>
      <line num="384" count="6" type="stmt"/>
      <line num="386" count="6" type="stmt"/>
      <line num="387" count="8" type="stmt"/>
      <line num="389" count="6" type="cond" truecount="1" falsecount="0"/>
      <line num="390" count="5" type="stmt"/>
      <line num="395" count="5" type="stmt"/>
      <line num="397" count="7" type="cond" truecount="2" falsecount="0"/>
      <line num="399" count="5" type="stmt"/>
      <line num="400" count="1" type="stmt"/>
      <line num="404" count="1" type="stmt"/>
      <line num="407" count="5" type="stmt"/>
      <line num="409" count="7" type="cond" truecount="2" falsecount="0"/>
      <line num="411" count="5" type="stmt"/>
      <line num="412" count="1" type="stmt"/>
      <line num="416" count="1" type="stmt"/>
      <line num="419" count="5" type="cond" truecount="2" falsecount="0"/>
      <line num="424" count="4" type="stmt"/>
      <line num="425" count="4" type="stmt"/>
      <line num="431" count="4" type="stmt"/>
      <line num="439" count="1" type="stmt"/>
      <line num="440" count="2" type="stmt"/>
      <line num="468" count="14" type="stmt"/>
      <line num="469" count="14" type="stmt"/>
      <line num="471" count="14" type="cond" truecount="2" falsecount="0"/>
      <line num="472" count="6" type="stmt"/>
      <line num="473" count="5" type="stmt"/>
      <line num="474" count="5" type="stmt"/>
      <line num="477" count="5" type="cond" truecount="3" falsecount="0"/>
      <line num="478" count="5" type="stmt"/>
      <line num="479" count="10" type="stmt"/>
      <line num="481" count="5" type="cond" truecount="1" falsecount="0"/>
      <line num="482" count="5" type="stmt"/>
      <line num="489" count="6" type="stmt"/>
      <line num="491" count="8" type="stmt"/>
      <line num="492" count="8" type="stmt"/>
      <line num="493" count="8" type="stmt"/>
      <line num="495" count="8" type="cond" truecount="4" falsecount="0"/>
      <line num="496" count="3" type="stmt"/>
      <line num="498" count="3" type="cond" truecount="2" falsecount="0"/>
      <line num="499" count="3" type="stmt"/>
      <line num="504" count="3" type="stmt"/>
      <line num="505" count="3" type="stmt"/>
      <line num="507" count="3" type="cond" truecount="1" falsecount="0"/>
      <line num="508" count="3" type="stmt"/>
      <line num="511" count="3" type="stmt"/>
      <line num="513" count="3" type="stmt"/>
      <line num="514" count="5" type="cond" truecount="1" falsecount="0"/>
      <line num="515" count="5" type="stmt"/>
      <line num="516" count="10" type="stmt"/>
      <line num="518" count="5" type="cond" truecount="1" falsecount="0"/>
      <line num="519" count="5" type="stmt"/>
      <line num="544" count="6" type="stmt"/>
      <line num="556" count="7" type="stmt"/>
    </file>
    <file name="range.ts" path="C:\Users\colin\Git Repos\cjsutils\src\range.ts">
      <metrics statements="60" coveredstatements="55" conditionals="67" coveredconditionals="61" methods="3" coveredmethods="3"/>
      <line num="1" count="1" type="stmt"/>
      <line num="8" count="57" type="cond" truecount="3" falsecount="0"/>
      <line num="9" count="55" type="stmt"/>
      <line num="10" count="55" type="cond" truecount="1" falsecount="0"/>
      <line num="11" count="7" type="stmt"/>
      <line num="20" count="1" type="stmt"/>
      <line num="24" count="37" type="stmt"/>
      <line num="25" count="37" type="stmt"/>
      <line num="27" count="37" type="cond" truecount="3" falsecount="0"/>
      <line num="28" count="2" type="stmt"/>
      <line num="31" count="35" type="stmt"/>
      <line num="32" count="34" type="stmt"/>
      <line num="33" count="34" type="stmt"/>
      <line num="34" count="34" type="stmt"/>
      <line num="35" count="34" type="stmt"/>
      <line num="38" count="34" type="cond" truecount="4" falsecount="0"/>
      <line num="40" count="15" type="cond" truecount="2" falsecount="2"/>
      <line num="41" count="0" type="stmt"/>
      <line num="43" count="15" type="cond" truecount="2" falsecount="2"/>
      <line num="44" count="0" type="stmt"/>
      <line num="46" count="15" type="cond" truecount="3" falsecount="0"/>
      <line num="47" count="1" type="stmt"/>
      <line num="51" count="14" type="cond" truecount="4" falsecount="0"/>
      <line num="52" count="14" type="cond" truecount="4" falsecount="0"/>
      <line num="53" count="14" type="cond" truecount="1" falsecount="1"/>
      <line num="58" count="14" type="stmt"/>
      <line num="59" count="14" type="stmt"/>
      <line num="60" count="14" type="cond" truecount="2" falsecount="0"/>
      <line num="62" count="14" type="stmt"/>
      <line num="63" count="14" type="cond" truecount="4" falsecount="0"/>
      <line num="64" count="3" type="stmt"/>
      <line num="65" count="11" type="cond" truecount="3" falsecount="0"/>
      <line num="67" count="2" type="stmt"/>
      <line num="71" count="12" type="stmt"/>
      <line num="72" count="66" type="stmt"/>
      <line num="73" count="66" type="stmt"/>
      <line num="76" count="66" type="cond" truecount="3" falsecount="0"/>
      <line num="77" count="62" type="cond" truecount="3" falsecount="0"/>
      <line num="80" count="60" type="cond" truecount="3" falsecount="0"/>
      <line num="82" count="56" type="stmt"/>
      <line num="85" count="54" type="cond" truecount="1" falsecount="1"/>
      <line num="86" count="54" type="stmt"/>
      <line num="89" count="0" type="stmt"/>
      <line num="93" count="0" type="stmt"/>
      <line num="96" count="10" type="stmt"/>
      <line num="100" count="19" type="stmt"/>
      <line num="105" count="19" type="stmt"/>
      <line num="107" count="19" type="stmt"/>
      <line num="108" count="19" type="stmt"/>
      <line num="109" count="19" type="stmt"/>
      <line num="110" count="19" type="stmt"/>
      <line num="111" count="19" type="stmt"/>
      <line num="112" count="19" type="cond" truecount="2" falsecount="0"/>
      <line num="114" count="19" type="cond" truecount="1" falsecount="0"/>
      <line num="116" count="19" type="stmt"/>
      <line num="120" count="88" type="stmt"/>
      <line num="121" count="86" type="stmt"/>
      <line num="124" count="6" type="cond" truecount="1" falsecount="0"/>
      <line num="125" count="6" type="stmt"/>
      <line num="127" count="0" type="stmt"/>
    </file>
  </project>
</coverage>
