<?xml version="1.0" encoding="UTF-8"?>
<coverage generated="1771086018637" clover="3.2.0">
  <project timestamp="1771086018637" name="All files">
    <metrics statements="374" coveredstatements="367" conditionals="313" coveredconditionals="306" methods="69" coveredmethods="69" elements="756" coveredelements="742" complexity="0" loc="374" ncloc="374" packages="1" files="3" classes="3"/>
    <file name="interval.ts" path="C:\Users\colin\Git Repos\cjsutils\src\interval.ts">
      <metrics statements="183" coveredstatements="181" conditionals="183" coveredconditionals="182" methods="34" coveredmethods="34"/>
      <line num="16" count="3" type="stmt"/>
      <line num="21" count="11247" type="stmt"/>
      <line num="22" count="11247" type="stmt"/>
      <line num="36" count="8" type="cond" truecount="3" falsecount="0"/>
      <line num="37" count="3" type="stmt"/>
      <line num="39" count="8" type="cond" truecount="2" falsecount="0"/>
      <line num="69" count="3" type="stmt"/>
      <line num="75" count="1638" type="cond" truecount="1" falsecount="0"/>
      <line num="76" count="197" type="stmt"/>
      <line num="79" count="1627" type="cond" truecount="1" falsecount="0"/>
      <line num="80" count="3" type="stmt"/>
      <line num="85" count="1624" type="stmt"/>
      <line num="86" count="1624" type="stmt"/>
      <line num="87" count="1624" type="stmt"/>
      <line num="92" count="4645" type="stmt"/>
      <line num="95" count="80" type="stmt"/>
      <line num="96" count="80" type="stmt"/>
      <line num="97" count="79" type="stmt"/>
      <line num="98" count="78" type="stmt"/>
      <line num="103" count="4603" type="stmt"/>
      <line num="106" count="75" type="stmt"/>
      <line num="107" count="75" type="stmt"/>
      <line num="108" count="74" type="stmt"/>
      <line num="109" count="71" type="stmt"/>
      <line num="113" count="121604" type="cond" truecount="2" falsecount="0"/>
      <line num="116" count="74" type="stmt"/>
      <line num="117" count="74" type="cond" truecount="2" falsecount="0"/>
      <line num="118" count="73" type="stmt"/>
      <line num="119" count="73" type="stmt"/>
      <line num="120" count="72" type="stmt"/>
      <line num="122" count="1" type="stmt"/>
      <line num="123" count="1" type="stmt"/>
      <line num="124" count="1" type="stmt"/>
      <line num="129" count="81259" type="cond" truecount="2" falsecount="0"/>
      <line num="132" count="69" type="stmt"/>
      <line num="133" count="69" type="cond" truecount="2" falsecount="0"/>
      <line num="134" count="1" type="stmt"/>
      <line num="135" count="1" type="stmt"/>
      <line num="136" count="1" type="stmt"/>
      <line num="138" count="68" type="stmt"/>
      <line num="139" count="68" type="stmt"/>
      <line num="140" count="67" type="stmt"/>
      <line num="155" count="24" type="stmt"/>
      <line num="169" count="20203" type="stmt"/>
      <line num="170" count="20201" type="stmt"/>
      <line num="172" count="20201" type="stmt"/>
      <line num="174" count="20201" type="cond" truecount="2" falsecount="0"/>
      <line num="175" count="41" type="cond" truecount="2" falsecount="0"/>
      <line num="177" count="20160" type="stmt"/>
      <line num="181" count="20201" type="stmt"/>
      <line num="195" count="20105" type="stmt"/>
      <line num="196" count="20105" type="stmt"/>
      <line num="198" count="20105" type="stmt"/>
      <line num="200" count="20105" type="cond" truecount="2" falsecount="0"/>
      <line num="201" count="87" type="cond" truecount="2" falsecount="0"/>
      <line num="203" count="20018" type="stmt"/>
      <line num="207" count="20105" type="stmt"/>
      <line num="225" count="80" type="cond" truecount="1" falsecount="0"/>
      <line num="226" count="41" type="stmt"/>
      <line num="227" count="39" type="stmt"/>
      <line num="229" count="39" type="cond" truecount="4" falsecount="0"/>
      <line num="230" count="39" type="cond" truecount="4" falsecount="0"/>
      <line num="232" count="39" type="cond" truecount="2" falsecount="0"/>
      <line num="235" count="39" type="cond" truecount="2" falsecount="0"/>
      <line num="252" count="10120" type="stmt"/>
      <line num="276" count="9996" type="stmt"/>
      <line num="277" count="9996" type="stmt"/>
      <line num="278" count="9996" type="cond" truecount="2" falsecount="0"/>
      <line num="279" count="9996" type="cond" truecount="2" falsecount="0"/>
      <line num="280" count="9996" type="cond" truecount="2" falsecount="0"/>
      <line num="296" count="4" type="stmt"/>
      <line num="297" count="4" type="stmt"/>
      <line num="298" count="4" type="stmt"/>
      <line num="299" count="4" type="cond" truecount="0" falsecount="1"/>
      <line num="300" count="4" type="cond" truecount="1" falsecount="0"/>
      <line num="302" count="2" type="cond" truecount="2" falsecount="0"/>
      <line num="312" count="383" type="cond" truecount="2" falsecount="0"/>
      <line num="313" count="383" type="cond" truecount="2" falsecount="0"/>
      <line num="314" count="383" type="stmt"/>
      <line num="337" count="6" type="cond" truecount="1" falsecount="0"/>
      <line num="338" count="2" type="stmt"/>
      <line num="343" count="4" type="stmt"/>
      <line num="344" count="4" type="stmt"/>
      <line num="345" count="4" type="cond" truecount="1" falsecount="0"/>
      <line num="346" count="2" type="stmt"/>
      <line num="349" count="2" type="cond" truecount="2" falsecount="0"/>
      <line num="350" count="2" type="cond" truecount="2" falsecount="0"/>
      <line num="351" count="2" type="cond" truecount="3" falsecount="0"/>
      <line num="352" count="1" type="stmt"/>
      <line num="354" count="1" type="cond" truecount="3" falsecount="0"/>
      <line num="355" count="1" type="stmt"/>
      <line num="357" count="0" type="stmt"/>
      <line num="384" count="29" type="cond" truecount="1" falsecount="0"/>
      <line num="385" count="1" type="stmt"/>
      <line num="389" count="28" type="stmt"/>
      <line num="391" count="28" type="cond" truecount="2" falsecount="0"/>
      <line num="398" count="28" type="stmt"/>
      <line num="400" count="28" type="cond" truecount="2" falsecount="0"/>
      <line num="407" count="28" type="stmt"/>
      <line num="408" count="28" type="cond" truecount="1" falsecount="0"/>
      <line num="410" count="25" type="stmt"/>
      <line num="413" count="25" type="cond" truecount="1" falsecount="0"/>
      <line num="415" count="23" type="stmt"/>
      <line num="448" count="24" type="stmt"/>
      <line num="475" count="76" type="cond" truecount="2" falsecount="0"/>
      <line num="477" count="74" type="cond" truecount="1" falsecount="0"/>
      <line num="478" count="4" type="stmt"/>
      <line num="484" count="70" type="stmt"/>
      <line num="485" count="70" type="stmt"/>
      <line num="488" count="70" type="cond" truecount="2" falsecount="0"/>
      <line num="495" count="70" type="cond" truecount="2" falsecount="0"/>
      <line num="501" count="70" type="stmt"/>
      <line num="519" count="298" type="stmt"/>
      <line num="520" count="298" type="stmt"/>
      <line num="521" count="298" type="cond" truecount="2" falsecount="0"/>
      <line num="523" count="298" type="cond" truecount="2" falsecount="0"/>
      <line num="525" count="298" type="cond" truecount="4" falsecount="0"/>
      <line num="526" count="2" type="stmt"/>
      <line num="546" count="296" type="stmt"/>
      <line num="547" count="296" type="cond" truecount="4" falsecount="0"/>
      <line num="548" count="6" type="stmt"/>
      <line num="568" count="29" type="stmt"/>
      <line num="569" count="29" type="stmt"/>
      <line num="570" count="29" type="cond" truecount="2" falsecount="0"/>
      <line num="571" count="29" type="cond" truecount="2" falsecount="0"/>
      <line num="572" count="29" type="cond" truecount="3" falsecount="0"/>
      <line num="592" count="101300" type="cond" truecount="3" falsecount="0"/>
      <line num="593" count="273" type="cond" truecount="4" falsecount="0"/>
      <line num="595" count="101027" type="cond" truecount="3" falsecount="0"/>
      <line num="596" count="100989" type="cond" truecount="1" falsecount="0"/>
      <line num="597" count="40635" type="cond" truecount="1" falsecount="0"/>
      <line num="598" count="293" type="stmt"/>
      <line num="601" count="38" type="cond" truecount="3" falsecount="0"/>
      <line num="602" count="29" type="cond" truecount="1" falsecount="0"/>
      <line num="603" count="26" type="cond" truecount="2" falsecount="0"/>
      <line num="605" count="3" type="stmt"/>
      <line num="607" count="9" type="cond" truecount="3" falsecount="0"/>
      <line num="608" count="9" type="cond" truecount="1" falsecount="0"/>
      <line num="609" count="6" type="cond" truecount="2" falsecount="0"/>
      <line num="611" count="3" type="stmt"/>
      <line num="614" count="0" type="stmt"/>
      <line num="629" count="475" type="stmt"/>
      <line num="632" count="475" type="cond" truecount="1" falsecount="0"/>
      <line num="633" count="77" type="stmt"/>
      <line num="634" count="77" type="stmt"/>
      <line num="635" count="76" type="stmt"/>
      <line num="637" count="1" type="stmt"/>
      <line num="642" count="398" type="stmt"/>
      <line num="643" count="398" type="cond" truecount="1" falsecount="0"/>
      <line num="644" count="3" type="stmt"/>
      <line num="647" count="395" type="stmt"/>
      <line num="665" count="1936" type="cond" truecount="2" falsecount="0"/>
      <line num="666" count="1936" type="cond" truecount="2" falsecount="0"/>
      <line num="668" count="1936" type="cond" truecount="2" falsecount="0"/>
      <line num="669" count="1936" type="cond" truecount="2" falsecount="0"/>
      <line num="671" count="1936" type="cond" truecount="3" falsecount="0"/>
      <line num="672" count="1936" type="stmt"/>
      <line num="690" count="55" type="stmt"/>
      <line num="691" count="55" type="stmt"/>
      <line num="692" count="32" type="stmt"/>
      <line num="694" count="23" type="stmt"/>
      <line num="715" count="260" type="stmt"/>
      <line num="716" count="260" type="stmt"/>
      <line num="717" count="260" type="stmt"/>
      <line num="718" count="260" type="cond" truecount="5" falsecount="0"/>
      <line num="719" count="19" type="stmt"/>
      <line num="722" count="241" type="stmt"/>
      <line num="723" count="241" type="cond" truecount="1" falsecount="0"/>
      <line num="724" count="2" type="stmt"/>
      <line num="727" count="239" type="stmt"/>
      <line num="728" count="239" type="stmt"/>
      <line num="730" count="239" type="stmt"/>
      <line num="731" count="236" type="stmt"/>
      <line num="733" count="235" type="stmt"/>
      <line num="734" count="235" type="stmt"/>
      <line num="735" count="235" type="stmt"/>
      <line num="740" count="235" type="cond" truecount="1" falsecount="0"/>
      <line num="741" count="12" type="stmt"/>
      <line num="743" count="223" type="stmt"/>
      <line num="758" count="298" type="cond" truecount="2" falsecount="0"/>
      <line num="768" count="386" type="stmt"/>
      <line num="782" count="3" type="stmt"/>
      <line num="783" count="766" type="cond" truecount="2" falsecount="0"/>
    </file>
    <file name="intervalSet.ts" path="C:\Users\colin\Git Repos\cjsutils\src\intervalSet.ts">
      <metrics statements="131" coveredstatements="131" conditionals="63" coveredconditionals="63" methods="32" coveredmethods="32"/>
      <line num="1" count="1" type="stmt"/>
      <line num="8" count="1" type="stmt"/>
      <line num="9" count="4" type="stmt"/>
      <line num="34" count="1" type="stmt"/>
      <line num="35" count="157" type="stmt"/>
      <line num="36" count="157" type="stmt"/>
      <line num="62" count="157" type="cond" truecount="1" falsecount="0"/>
      <line num="63" count="16" type="stmt"/>
      <line num="64" count="21" type="stmt"/>
      <line num="65" count="21" type="stmt"/>
      <line num="68" count="157" type="cond" truecount="2" falsecount="0"/>
      <line num="79" count="653" type="stmt"/>
      <line num="96" count="186" type="stmt"/>
      <line num="99" count="180" type="stmt"/>
      <line num="100" count="180" type="cond" truecount="1" falsecount="0"/>
      <line num="101" count="116" type="stmt"/>
      <line num="123" count="569" type="stmt"/>
      <line num="124" count="10072" type="cond" truecount="2" falsecount="0"/>
      <line num="125" count="23" type="stmt"/>
      <line num="126" count="10049" type="cond" truecount="2" falsecount="0"/>
      <line num="127" count="10025" type="stmt"/>
      <line num="129" count="24" type="cond" truecount="4" falsecount="0"/>
      <line num="130" count="12" type="stmt"/>
      <line num="131" count="12" type="cond" truecount="4" falsecount="0"/>
      <line num="132" count="3" type="stmt"/>
      <line num="134" count="9" type="stmt"/>
      <line num="153" count="439" type="stmt"/>
      <line num="154" count="433" type="stmt"/>
      <line num="155" count="433" type="cond" truecount="1" falsecount="0"/>
      <line num="156" count="353" type="stmt"/>
      <line num="173" count="23" type="stmt"/>
      <line num="174" count="23" type="stmt"/>
      <line num="175" count="34" type="stmt"/>
      <line num="193" count="4" type="stmt"/>
      <line num="204" count="3" type="stmt"/>
      <line num="217" count="477" type="stmt"/>
      <line num="219" count="477" type="stmt"/>
      <line num="220" count="477" type="stmt"/>
      <line num="221" count="9995" type="stmt"/>
      <line num="222" count="9995" type="stmt"/>
      <line num="225" count="9995" type="cond" truecount="4" falsecount="0"/>
      <line num="227" count="50" type="stmt"/>
      <line num="228" count="50" type="stmt"/>
      <line num="229" count="50" type="stmt"/>
      <line num="230" count="50" type="stmt"/>
      <line num="232" count="9945" type="stmt"/>
      <line num="259" count="41" type="cond" truecount="2" falsecount="0"/>
      <line num="260" count="54" type="stmt"/>
      <line num="261" count="41" type="cond" truecount="1" falsecount="0"/>
      <line num="262" count="8" type="stmt"/>
      <line num="264" count="41" type="stmt"/>
      <line num="266" count="41" type="cond" truecount="2" falsecount="0"/>
      <line num="280" count="22" type="stmt"/>
      <line num="281" count="25" type="stmt"/>
      <line num="282" count="22" type="cond" truecount="1" falsecount="0"/>
      <line num="283" count="6" type="stmt"/>
      <line num="285" count="19" type="stmt"/>
      <line num="287" count="16" type="cond" truecount="1" falsecount="0"/>
      <line num="288" count="5" type="stmt"/>
      <line num="291" count="11" type="cond" truecount="1" falsecount="0"/>
      <line num="292" count="8" type="stmt"/>
      <line num="303" count="11" type="stmt"/>
      <line num="304" count="3" type="stmt"/>
      <line num="305" count="3" type="stmt"/>
      <line num="306" count="3" type="stmt"/>
      <line num="314" count="11" type="cond" truecount="1" falsecount="0"/>
      <line num="315" count="6" type="stmt"/>
      <line num="326" count="11" type="stmt"/>
      <line num="337" count="19" type="stmt"/>
      <line num="338" count="19" type="cond" truecount="1" falsecount="0"/>
      <line num="339" count="12" type="stmt"/>
      <line num="341" count="7" type="cond" truecount="1" falsecount="0"/>
      <line num="342" count="7" type="stmt"/>
      <line num="343" count="8" type="stmt"/>
      <line num="344" count="8" type="stmt"/>
      <line num="346" count="8" type="cond" truecount="1" falsecount="0"/>
      <line num="351" count="8" type="stmt"/>
      <line num="360" count="7" type="stmt"/>
      <line num="384" count="8" type="stmt"/>
      <line num="386" count="8" type="stmt"/>
      <line num="387" count="10" type="stmt"/>
      <line num="389" count="8" type="cond" truecount="1" falsecount="0"/>
      <line num="390" count="7" type="stmt"/>
      <line num="395" count="7" type="stmt"/>
      <line num="397" count="9" type="cond" truecount="2" falsecount="0"/>
      <line num="399" count="7" type="stmt"/>
      <line num="400" count="1" type="stmt"/>
      <line num="404" count="1" type="stmt"/>
      <line num="407" count="7" type="stmt"/>
      <line num="409" count="9" type="cond" truecount="2" falsecount="0"/>
      <line num="411" count="7" type="stmt"/>
      <line num="412" count="1" type="stmt"/>
      <line num="416" count="1" type="stmt"/>
      <line num="419" count="7" type="cond" truecount="2" falsecount="0"/>
      <line num="424" count="6" type="stmt"/>
      <line num="425" count="6" type="stmt"/>
      <line num="431" count="6" type="stmt"/>
      <line num="439" count="1" type="stmt"/>
      <line num="440" count="2" type="stmt"/>
      <line num="468" count="28" type="stmt"/>
      <line num="469" count="28" type="stmt"/>
      <line num="471" count="28" type="cond" truecount="2" falsecount="0"/>
      <line num="472" count="11" type="stmt"/>
      <line num="473" count="9" type="stmt"/>
      <line num="474" count="9" type="stmt"/>
      <line num="477" count="9" type="cond" truecount="3" falsecount="0"/>
      <line num="478" count="9" type="stmt"/>
      <line num="479" count="18" type="stmt"/>
      <line num="481" count="9" type="cond" truecount="1" falsecount="0"/>
      <line num="482" count="9" type="stmt"/>
      <line num="489" count="11" type="stmt"/>
      <line num="491" count="17" type="stmt"/>
      <line num="492" count="17" type="stmt"/>
      <line num="493" count="17" type="stmt"/>
      <line num="495" count="17" type="cond" truecount="4" falsecount="0"/>
      <line num="496" count="7" type="stmt"/>
      <line num="499" count="7" type="cond" truecount="2" falsecount="0"/>
      <line num="500" count="7" type="cond" truecount="2" falsecount="0"/>
      <line num="502" count="7" type="stmt"/>
      <line num="503" count="7" type="stmt"/>
      <line num="505" count="7" type="cond" truecount="1" falsecount="0"/>
      <line num="506" count="7" type="stmt"/>
      <line num="509" count="7" type="stmt"/>
      <line num="511" count="7" type="stmt"/>
      <line num="512" count="10" type="cond" truecount="1" falsecount="0"/>
      <line num="513" count="10" type="stmt"/>
      <line num="514" count="20" type="stmt"/>
      <line num="516" count="10" type="cond" truecount="1" falsecount="0"/>
      <line num="517" count="10" type="stmt"/>
      <line num="542" count="8" type="stmt"/>
      <line num="554" count="10" type="stmt"/>
    </file>
    <file name="range.ts" path="C:\Users\colin\Git Repos\cjsutils\src\range.ts">
      <metrics statements="60" coveredstatements="55" conditionals="67" coveredconditionals="61" methods="3" coveredmethods="3"/>
      <line num="1" count="1" type="stmt"/>
      <line num="8" count="57" type="cond" truecount="3" falsecount="0"/>
      <line num="9" count="55" type="stmt"/>
      <line num="10" count="55" type="cond" truecount="1" falsecount="0"/>
      <line num="11" count="7" type="stmt"/>
      <line num="20" count="1" type="stmt"/>
      <line num="24" count="37" type="stmt"/>
      <line num="25" count="37" type="stmt"/>
      <line num="27" count="37" type="cond" truecount="3" falsecount="0"/>
      <line num="28" count="2" type="stmt"/>
      <line num="31" count="35" type="stmt"/>
      <line num="32" count="34" type="stmt"/>
      <line num="33" count="34" type="stmt"/>
      <line num="34" count="34" type="stmt"/>
      <line num="35" count="34" type="stmt"/>
      <line num="38" count="34" type="cond" truecount="4" falsecount="0"/>
      <line num="40" count="15" type="cond" truecount="2" falsecount="2"/>
      <line num="41" count="0" type="stmt"/>
      <line num="43" count="15" type="cond" truecount="2" falsecount="2"/>
      <line num="44" count="0" type="stmt"/>
      <line num="46" count="15" type="cond" truecount="3" falsecount="0"/>
      <line num="47" count="1" type="stmt"/>
      <line num="51" count="14" type="cond" truecount="4" falsecount="0"/>
      <line num="52" count="14" type="cond" truecount="4" falsecount="0"/>
      <line num="54" count="14" type="cond" truecount="3" falsecount="1"/>
      <line num="57" count="14" type="stmt"/>
      <line num="58" count="14" type="stmt"/>
      <line num="59" count="14" type="cond" truecount="2" falsecount="0"/>
      <line num="61" count="14" type="stmt"/>
      <line num="62" count="14" type="cond" truecount="4" falsecount="0"/>
      <line num="63" count="3" type="stmt"/>
      <line num="64" count="11" type="cond" truecount="3" falsecount="0"/>
      <line num="66" count="2" type="stmt"/>
      <line num="70" count="12" type="stmt"/>
      <line num="71" count="66" type="stmt"/>
      <line num="72" count="66" type="stmt"/>
      <line num="75" count="66" type="cond" truecount="3" falsecount="0"/>
      <line num="76" count="62" type="cond" truecount="3" falsecount="0"/>
      <line num="79" count="60" type="cond" truecount="3" falsecount="0"/>
      <line num="81" count="56" type="stmt"/>
      <line num="84" count="54" type="cond" truecount="1" falsecount="1"/>
      <line num="85" count="54" type="stmt"/>
      <line num="88" count="0" type="stmt"/>
      <line num="92" count="0" type="stmt"/>
      <line num="95" count="10" type="stmt"/>
      <line num="99" count="19" type="stmt"/>
      <line num="104" count="19" type="stmt"/>
      <line num="106" count="19" type="stmt"/>
      <line num="107" count="19" type="stmt"/>
      <line num="108" count="19" type="stmt"/>
      <line num="109" count="19" type="stmt"/>
      <line num="110" count="19" type="stmt"/>
      <line num="111" count="19" type="cond" truecount="2" falsecount="0"/>
      <line num="113" count="19" type="cond" truecount="1" falsecount="0"/>
      <line num="115" count="19" type="stmt"/>
      <line num="119" count="88" type="stmt"/>
      <line num="120" count="86" type="stmt"/>
      <line num="123" count="6" type="cond" truecount="1" falsecount="0"/>
      <line num="124" count="6" type="stmt"/>
      <line num="126" count="0" type="stmt"/>
    </file>
  </project>
</coverage>
