{"C:\\Users\\colin\\Git Repos\\cjsutils\\src\\interval.ts": {"path":"C:\\Users\\colin\\Git Repos\\cjsutils\\src\\interval.ts","statementMap":{"0":{"start":{"line":20,"column":8},"end":{"line":20,"column":29}},"1":{"start":{"line":21,"column":8},"end":{"line":21,"column":33}},"2":{"start":{"line":28,"column":8},"end":{"line":30,"column":9}},"3":{"start":{"line":29,"column":12},"end":{"line":29,"column":38}},"4":{"start":{"line":31,"column":8},"end":{"line":31,"column":72}},"5":{"start":{"line":15,"column":0},"end":{"line":15,"column":13}},"6":{"start":{"line":46,"column":26},"end":{"line":46,"column":41}},"7":{"start":{"line":49,"column":8},"end":{"line":51,"column":9}},"8":{"start":{"line":50,"column":12},"end":{"line":50,"column":53}},"9":{"start":{"line":54,"column":8},"end":{"line":58,"column":9}},"10":{"start":{"line":55,"column":12},"end":{"line":57,"column":14}},"11":{"start":{"line":60,"column":8},"end":{"line":60,"column":29}},"12":{"start":{"line":61,"column":8},"end":{"line":61,"column":29}},"13":{"start":{"line":62,"column":8},"end":{"line":62,"column":47}},"14":{"start":{"line":65,"column":27},"end":{"line":65,"column":85}},"15":{"start":{"line":69,"column":8},"end":{"line":69,"column":68}},"16":{"start":{"line":72,"column":8},"end":{"line":72,"column":49}},"17":{"start":{"line":73,"column":8},"end":{"line":75,"column":9}},"18":{"start":{"line":74,"column":12},"end":{"line":74,"column":117}},"19":{"start":{"line":76,"column":8},"end":{"line":76,"column":24}},"20":{"start":{"line":81,"column":8},"end":{"line":81,"column":68}},"21":{"start":{"line":84,"column":8},"end":{"line":84,"column":49}},"22":{"start":{"line":85,"column":8},"end":{"line":87,"column":9}},"23":{"start":{"line":86,"column":12},"end":{"line":86,"column":117}},"24":{"start":{"line":88,"column":8},"end":{"line":88,"column":24}},"25":{"start":{"line":92,"column":8},"end":{"line":92,"column":65}},"26":{"start":{"line":95,"column":8},"end":{"line":95,"column":49}},"27":{"start":{"line":96,"column":8},"end":{"line":100,"column":9}},"28":{"start":{"line":97,"column":12},"end":{"line":97,"column":27}},"29":{"start":{"line":99,"column":12},"end":{"line":99,"column":27}},"30":{"start":{"line":104,"column":8},"end":{"line":104,"column":65}},"31":{"start":{"line":107,"column":8},"end":{"line":107,"column":49}},"32":{"start":{"line":108,"column":8},"end":{"line":112,"column":9}},"33":{"start":{"line":109,"column":12},"end":{"line":109,"column":27}},"34":{"start":{"line":111,"column":12},"end":{"line":111,"column":27}},"35":{"start":{"line":119,"column":27},"end":{"line":119,"column":94}},"36":{"start":{"line":120,"column":27},"end":{"line":120,"column":94}},"37":{"start":{"line":121,"column":8},"end":{"line":121,"column":40}},"38":{"start":{"line":128,"column":31},"end":{"line":128,"column":36}},"39":{"start":{"line":130,"column":8},"end":{"line":135,"column":9}},"40":{"start":{"line":131,"column":12},"end":{"line":131,"column":89}},"41":{"start":{"line":133,"column":12},"end":{"line":134,"column":100}},"42":{"start":{"line":136,"column":8},"end":{"line":136,"column":32}},"43":{"start":{"line":143,"column":31},"end":{"line":143,"column":36}},"44":{"start":{"line":145,"column":8},"end":{"line":150,"column":9}},"45":{"start":{"line":146,"column":12},"end":{"line":146,"column":89}},"46":{"start":{"line":148,"column":12},"end":{"line":149,"column":100}},"47":{"start":{"line":151,"column":8},"end":{"line":151,"column":32}},"48":{"start":{"line":158,"column":8},"end":{"line":163,"column":9}},"49":{"start":{"line":159,"column":31},"end":{"line":159,"column":126}},"50":{"start":{"line":160,"column":31},"end":{"line":160,"column":126}},"51":{"start":{"line":162,"column":12},"end":{"line":162,"column":44}},"52":{"start":{"line":165,"column":8},"end":{"line":165,"column":66}},"53":{"start":{"line":172,"column":8},"end":{"line":172,"column":80}},"54":{"start":{"line":182,"column":38},"end":{"line":182,"column":66}},"55":{"start":{"line":183,"column":38},"end":{"line":183,"column":66}},"56":{"start":{"line":184,"column":8},"end":{"line":184,"column":86}},"57":{"start":{"line":197,"column":22},"end":{"line":197,"column":60}},"58":{"start":{"line":199,"column":8},"end":{"line":199,"column":33}},"59":{"start":{"line":199,"column":20},"end":{"line":199,"column":33}},"60":{"start":{"line":201,"column":49},"end":{"line":201,"column":54}},"61":{"start":{"line":202,"column":21},"end":{"line":202,"column":30}},"62":{"start":{"line":203,"column":21},"end":{"line":203,"column":30}},"63":{"start":{"line":205,"column":8},"end":{"line":209,"column":10}},"64":{"start":{"line":221,"column":8},"end":{"line":223,"column":9}},"65":{"start":{"line":222,"column":12},"end":{"line":222,"column":56}},"66":{"start":{"line":224,"column":49},"end":{"line":224,"column":88}},"67":{"start":{"line":226,"column":21},"end":{"line":226,"column":30}},"68":{"start":{"line":227,"column":21},"end":{"line":227,"column":30}},"69":{"start":{"line":228,"column":26},"end":{"line":228,"column":45}},"70":{"start":{"line":229,"column":26},"end":{"line":229,"column":43}},"71":{"start":{"line":231,"column":8},"end":{"line":234,"column":11}},"72":{"start":{"line":238,"column":8},"end":{"line":238,"column":81}},"73":{"start":{"line":242,"column":8},"end":{"line":242,"column":43}},"74":{"start":{"line":43,"column":0},"end":{"line":43,"column":13}}},"fnMap":{"0":{"name":"(anonymous_0)","decl":{"start":{"line":19,"column":4},"end":{"line":19,"column":16}},"loc":{"start":{"line":19,"column":56},"end":{"line":22,"column":5}}},"1":{"name":"(anonymous_1)","decl":{"start":{"line":27,"column":4},"end":{"line":27,"column":10}},"loc":{"start":{"line":27,"column":37},"end":{"line":32,"column":5}}},"2":{"name":"(anonymous_2)","decl":{"start":{"line":48,"column":4},"end":{"line":48,"column":16}},"loc":{"start":{"line":48,"column":44},"end":{"line":63,"column":5}}},"3":{"name":"(anonymous_3)","decl":{"start":{"line":67,"column":4},"end":{"line":67,"column":8}},"loc":{"start":{"line":67,"column":9},"end":{"line":70,"column":5}}},"4":{"name":"(anonymous_4)","decl":{"start":{"line":71,"column":4},"end":{"line":71,"column":8}},"loc":{"start":{"line":71,"column":40},"end":{"line":77,"column":5}}},"5":{"name":"(anonymous_5)","decl":{"start":{"line":79,"column":4},"end":{"line":79,"column":8}},"loc":{"start":{"line":79,"column":9},"end":{"line":82,"column":5}}},"6":{"name":"(anonymous_6)","decl":{"start":{"line":83,"column":4},"end":{"line":83,"column":8}},"loc":{"start":{"line":83,"column":40},"end":{"line":89,"column":5}}},"7":{"name":"(anonymous_7)","decl":{"start":{"line":91,"column":4},"end":{"line":91,"column":8}},"loc":{"start":{"line":91,"column":11},"end":{"line":93,"column":5}}},"8":{"name":"(anonymous_8)","decl":{"start":{"line":94,"column":4},"end":{"line":94,"column":8}},"loc":{"start":{"line":94,"column":42},"end":{"line":101,"column":5}}},"9":{"name":"(anonymous_9)","decl":{"start":{"line":103,"column":4},"end":{"line":103,"column":8}},"loc":{"start":{"line":103,"column":11},"end":{"line":105,"column":5}}},"10":{"name":"(anonymous_10)","decl":{"start":{"line":106,"column":4},"end":{"line":106,"column":8}},"loc":{"start":{"line":106,"column":42},"end":{"line":113,"column":5}}},"11":{"name":"(anonymous_11)","decl":{"start":{"line":118,"column":4},"end":{"line":118,"column":18}},"loc":{"start":{"line":118,"column":28},"end":{"line":122,"column":5}}},"12":{"name":"(anonymous_12)","decl":{"start":{"line":127,"column":4},"end":{"line":127,"column":15}},"loc":{"start":{"line":127,"column":33},"end":{"line":137,"column":5}}},"13":{"name":"(anonymous_13)","decl":{"start":{"line":142,"column":4},"end":{"line":142,"column":15}},"loc":{"start":{"line":142,"column":33},"end":{"line":152,"column":5}}},"14":{"name":"(anonymous_14)","decl":{"start":{"line":157,"column":4},"end":{"line":157,"column":12}},"loc":{"start":{"line":157,"column":41},"end":{"line":166,"column":5}}},"15":{"name":"(anonymous_15)","decl":{"start":{"line":171,"column":4},"end":{"line":171,"column":12}},"loc":{"start":{"line":171,"column":31},"end":{"line":173,"column":5}}},"16":{"name":"(anonymous_16)","decl":{"start":{"line":181,"column":4},"end":{"line":181,"column":12}},"loc":{"start":{"line":181,"column":12},"end":{"line":185,"column":5}}},"17":{"name":"(anonymous_17)","decl":{"start":{"line":196,"column":4},"end":{"line":196,"column":10}},"loc":{"start":{"line":196,"column":47},"end":{"line":210,"column":5}}},"18":{"name":"(anonymous_18)","decl":{"start":{"line":220,"column":4},"end":{"line":220,"column":10}},"loc":{"start":{"line":220,"column":38},"end":{"line":235,"column":5}}},"19":{"name":"(anonymous_19)","decl":{"start":{"line":237,"column":12},"end":{"line":237,"column":18}},"loc":{"start":{"line":237,"column":79},"end":{"line":239,"column":5}}},"20":{"name":"(anonymous_20)","decl":{"start":{"line":241,"column":4},"end":{"line":241,"column":10}},"loc":{"start":{"line":241,"column":34},"end":{"line":243,"column":5}}}},"branchMap":{"0":{"loc":{"start":{"line":19,"column":32},"end":{"line":19,"column":56}},"type":"default-arg","locations":[{"start":{"line":19,"column":52},"end":{"line":19,"column":56}}]},"1":{"loc":{"start":{"line":28,"column":8},"end":{"line":30,"column":9}},"type":"if","locations":[{"start":{"line":28,"column":8},"end":{"line":30,"column":9}}]},"2":{"loc":{"start":{"line":31,"column":15},"end":{"line":31,"column":71}},"type":"binary-expr","locations":[{"start":{"line":31,"column":15},"end":{"line":31,"column":39}},{"start":{"line":31,"column":43},"end":{"line":31,"column":71}}]},"3":{"loc":{"start":{"line":49,"column":8},"end":{"line":51,"column":9}},"type":"if","locations":[{"start":{"line":49,"column":8},"end":{"line":51,"column":9}}]},"4":{"loc":{"start":{"line":54,"column":8},"end":{"line":58,"column":9}},"type":"if","locations":[{"start":{"line":54,"column":8},"end":{"line":58,"column":9}}]},"5":{"loc":{"start":{"line":54,"column":12},"end":{"line":54,"column":99}},"type":"binary-expr","locations":[{"start":{"line":54,"column":12},"end":{"line":54,"column":51}},{"start":{"line":54,"column":55},"end":{"line":54,"column":75}},{"start":{"line":54,"column":79},"end":{"line":54,"column":99}}]},"6":{"loc":{"start":{"line":62,"column":20},"end":{"line":62,"column":46}},"type":"binary-expr","locations":[{"start":{"line":62,"column":20},"end":{"line":62,"column":33}},{"start":{"line":62,"column":37},"end":{"line":62,"column":46}}]},"7":{"loc":{"start":{"line":73,"column":8},"end":{"line":75,"column":9}},"type":"if","locations":[{"start":{"line":73,"column":8},"end":{"line":75,"column":9}}]},"8":{"loc":{"start":{"line":73,"column":12},"end":{"line":73,"column":83}},"type":"binary-expr","locations":[{"start":{"line":73,"column":12},"end":{"line":73,"column":43}},{"start":{"line":73,"column":47},"end":{"line":73,"column":64}},{"start":{"line":73,"column":68},"end":{"line":73,"column":83}}]},"9":{"loc":{"start":{"line":85,"column":8},"end":{"line":87,"column":9}},"type":"if","locations":[{"start":{"line":85,"column":8},"end":{"line":87,"column":9}}]},"10":{"loc":{"start":{"line":85,"column":12},"end":{"line":85,"column":83}},"type":"binary-expr","locations":[{"start":{"line":85,"column":12},"end":{"line":85,"column":43}},{"start":{"line":85,"column":47},"end":{"line":85,"column":64}},{"start":{"line":85,"column":68},"end":{"line":85,"column":83}}]},"11":{"loc":{"start":{"line":92,"column":15},"end":{"line":92,"column":64}},"type":"cond-expr","locations":[{"start":{"line":92,"column":49},"end":{"line":92,"column":55}},{"start":{"line":92,"column":58},"end":{"line":92,"column":64}}]},"12":{"loc":{"start":{"line":96,"column":8},"end":{"line":100,"column":9}},"type":"if","locations":[{"start":{"line":96,"column":8},"end":{"line":100,"column":9}},{"start":{"line":98,"column":15},"end":{"line":100,"column":9}}]},"13":{"loc":{"start":{"line":104,"column":15},"end":{"line":104,"column":64}},"type":"cond-expr","locations":[{"start":{"line":104,"column":49},"end":{"line":104,"column":55}},{"start":{"line":104,"column":58},"end":{"line":104,"column":64}}]},"14":{"loc":{"start":{"line":108,"column":8},"end":{"line":112,"column":9}},"type":"if","locations":[{"start":{"line":108,"column":8},"end":{"line":112,"column":9}},{"start":{"line":110,"column":15},"end":{"line":112,"column":9}}]},"15":{"loc":{"start":{"line":119,"column":27},"end":{"line":119,"column":94}},"type":"binary-expr","locations":[{"start":{"line":119,"column":27},"end":{"line":119,"column":46}},{"start":{"line":119,"column":51},"end":{"line":119,"column":72}},{"start":{"line":119,"column":76},"end":{"line":119,"column":93}}]},"16":{"loc":{"start":{"line":120,"column":27},"end":{"line":120,"column":94}},"type":"binary-expr","locations":[{"start":{"line":120,"column":27},"end":{"line":120,"column":46}},{"start":{"line":120,"column":51},"end":{"line":120,"column":72}},{"start":{"line":120,"column":76},"end":{"line":120,"column":93}}]},"17":{"loc":{"start":{"line":121,"column":15},"end":{"line":121,"column":39}},"type":"binary-expr","locations":[{"start":{"line":121,"column":15},"end":{"line":121,"column":25}},{"start":{"line":121,"column":29},"end":{"line":121,"column":39}}]},"18":{"loc":{"start":{"line":130,"column":8},"end":{"line":135,"column":9}},"type":"if","locations":[{"start":{"line":130,"column":8},"end":{"line":135,"column":9}},{"start":{"line":132,"column":15},"end":{"line":135,"column":9}}]},"19":{"loc":{"start":{"line":131,"column":31},"end":{"line":131,"column":88}},"type":"binary-expr","locations":[{"start":{"line":131,"column":31},"end":{"line":131,"column":58}},{"start":{"line":131,"column":62},"end":{"line":131,"column":88}}]},"20":{"loc":{"start":{"line":133,"column":31},"end":{"line":134,"column":99}},"type":"binary-expr","locations":[{"start":{"line":133,"column":32},"end":{"line":133,"column":58}},{"start":{"line":133,"column":63},"end":{"line":133,"column":91}},{"start":{"line":133,"column":95},"end":{"line":133,"column":112}},{"start":{"line":134,"column":17},"end":{"line":134,"column":43}},{"start":{"line":134,"column":48},"end":{"line":134,"column":76}},{"start":{"line":134,"column":80},"end":{"line":134,"column":97}}]},"21":{"loc":{"start":{"line":145,"column":8},"end":{"line":150,"column":9}},"type":"if","locations":[{"start":{"line":145,"column":8},"end":{"line":150,"column":9}},{"start":{"line":147,"column":15},"end":{"line":150,"column":9}}]},"22":{"loc":{"start":{"line":146,"column":31},"end":{"line":146,"column":88}},"type":"binary-expr","locations":[{"start":{"line":146,"column":31},"end":{"line":146,"column":57}},{"start":{"line":146,"column":61},"end":{"line":146,"column":88}}]},"23":{"loc":{"start":{"line":148,"column":31},"end":{"line":149,"column":99}},"type":"binary-expr","locations":[{"start":{"line":148,"column":32},"end":{"line":148,"column":58}},{"start":{"line":148,"column":63},"end":{"line":148,"column":91}},{"start":{"line":148,"column":95},"end":{"line":148,"column":112}},{"start":{"line":149,"column":17},"end":{"line":149,"column":43}},{"start":{"line":149,"column":48},"end":{"line":149,"column":76}},{"start":{"line":149,"column":80},"end":{"line":149,"column":97}}]},"24":{"loc":{"start":{"line":158,"column":8},"end":{"line":163,"column":9}},"type":"if","locations":[{"start":{"line":158,"column":8},"end":{"line":163,"column":9}}]},"25":{"loc":{"start":{"line":159,"column":31},"end":{"line":159,"column":126}},"type":"binary-expr","locations":[{"start":{"line":159,"column":31},"end":{"line":159,"column":57}},{"start":{"line":159,"column":62},"end":{"line":159,"column":90}},{"start":{"line":159,"column":94},"end":{"line":159,"column":111}},{"start":{"line":159,"column":115},"end":{"line":159,"column":125}}]},"26":{"loc":{"start":{"line":160,"column":31},"end":{"line":160,"column":126}},"type":"binary-expr","locations":[{"start":{"line":160,"column":31},"end":{"line":160,"column":57}},{"start":{"line":160,"column":62},"end":{"line":160,"column":90}},{"start":{"line":160,"column":94},"end":{"line":160,"column":111}},{"start":{"line":160,"column":115},"end":{"line":160,"column":125}}]},"27":{"loc":{"start":{"line":162,"column":19},"end":{"line":162,"column":43}},"type":"binary-expr","locations":[{"start":{"line":162,"column":19},"end":{"line":162,"column":29}},{"start":{"line":162,"column":33},"end":{"line":162,"column":43}}]},"28":{"loc":{"start":{"line":165,"column":15},"end":{"line":165,"column":65}},"type":"binary-expr","locations":[{"start":{"line":165,"column":15},"end":{"line":165,"column":38}},{"start":{"line":165,"column":42},"end":{"line":165,"column":65}}]},"29":{"loc":{"start":{"line":172,"column":15},"end":{"line":172,"column":79}},"type":"binary-expr","locations":[{"start":{"line":172,"column":15},"end":{"line":172,"column":45}},{"start":{"line":172,"column":49},"end":{"line":172,"column":79}}]},"30":{"loc":{"start":{"line":182,"column":38},"end":{"line":182,"column":66}},"type":"cond-expr","locations":[{"start":{"line":182,"column":57},"end":{"line":182,"column":60}},{"start":{"line":182,"column":63},"end":{"line":182,"column":66}}]},"31":{"loc":{"start":{"line":183,"column":38},"end":{"line":183,"column":66}},"type":"cond-expr","locations":[{"start":{"line":183,"column":57},"end":{"line":183,"column":60}},{"start":{"line":183,"column":63},"end":{"line":183,"column":66}}]},"32":{"loc":{"start":{"line":199,"column":8},"end":{"line":199,"column":33}},"type":"if","locations":[{"start":{"line":199,"column":8},"end":{"line":199,"column":33}}]},"33":{"loc":{"start":{"line":206,"column":12},"end":{"line":208,"column":90}},"type":"binary-expr","locations":[{"start":{"line":206,"column":12},"end":{"line":206,"column":24}},{"start":{"line":207,"column":12},"end":{"line":207,"column":24}},{"start":{"line":208,"column":13},"end":{"line":208,"column":26}},{"start":{"line":208,"column":31},"end":{"line":208,"column":44}},{"start":{"line":208,"column":48},"end":{"line":208,"column":67}},{"start":{"line":208,"column":71},"end":{"line":208,"column":88}}]},"34":{"loc":{"start":{"line":221,"column":8},"end":{"line":223,"column":9}},"type":"if","locations":[{"start":{"line":221,"column":8},"end":{"line":223,"column":9}}]},"35":{"loc":{"start":{"line":237,"column":64},"end":{"line":237,"column":79}},"type":"default-arg","locations":[{"start":{"line":237,"column":75},"end":{"line":237,"column":79}}]},"36":{"loc":{"start":{"line":238,"column":15},"end":{"line":238,"column":80}},"type":"cond-expr","locations":[{"start":{"line":238,"column":45},"end":{"line":238,"column":46}},{"start":{"line":238,"column":49},"end":{"line":238,"column":80}}]}},"s":{"0":2558,"1":2558,"2":5,"3":2,"4":5,"5":2,"6":376,"7":376,"8":3,"9":373,"10":1,"11":372,"12":372,"13":372,"14":2,"15":1147,"16":37,"17":37,"18":2,"19":35,"20":969,"21":35,"22":35,"23":4,"24":31,"25":715,"26":32,"27":32,"28":31,"29":1,"30":547,"31":30,"32":30,"33":1,"34":29,"35":14,"36":14,"37":14,"38":82,"39":82,"40":13,"41":69,"42":82,"43":71,"44":71,"45":10,"46":61,"47":71,"48":33,"49":17,"50":17,"51":17,"52":16,"53":53,"54":148,"55":148,"56":148,"57":60,"58":60,"59":16,"60":44,"61":44,"62":44,"63":44,"64":5,"65":4,"66":1,"67":1,"68":1,"69":1,"70":1,"71":1,"72":134,"73":33,"74":2},"f":{"0":2558,"1":5,"2":376,"3":1147,"4":37,"5":969,"6":35,"7":715,"8":32,"9":547,"10":30,"11":14,"12":82,"13":71,"14":33,"15":53,"16":148,"17":60,"18":5,"19":134,"20":33},"b":{"0":[200],"1":[2],"2":[5,3],"3":[3],"4":[1],"5":[373,8,2],"6":[372,166],"7":[2],"8":[37,5,3],"9":[4],"10":[35,6,5],"11":[708,7],"12":[31,1],"13":[4,543],"14":[1,29],"15":[14,5,3],"16":[14,6,3],"17":[14,10],"18":[13,69],"19":[13,13],"20":[69,23,6,51,28,12],"21":[10,61],"22":[10,7],"23":[61,3,3,61,49,5],"24":[17],"25":[17,6,5,5],"26":[17,8,8,1],"27":[17,16],"28":[16,9],"29":[53,36],"30":[117,31],"31":[107,41],"32":[16],"33":[44,44,44,16,16,6],"34":[4],"35":[134],"36":[133,1]}}
,"C:\\Users\\colin\\Git Repos\\cjsutils\\src\\intervalSet.ts": {"path":"C:\\Users\\colin\\Git Repos\\cjsutils\\src\\intervalSet.ts","statementMap":{"0":{"start":{"line":1,"column":0},"end":{"line":1,"column":65}},"1":{"start":{"line":9,"column":34},"end":{"line":9,"column":38}},"2":{"start":{"line":8,"column":0},"end":{"line":8,"column":13}},"3":{"start":{"line":21,"column":37},"end":{"line":21,"column":39}},"4":{"start":{"line":22,"column":43},"end":{"line":22,"column":47}},"5":{"start":{"line":32,"column":8},"end":{"line":37,"column":9}},"6":{"start":{"line":33,"column":12},"end":{"line":36,"column":13}},"7":{"start":{"line":34,"column":39},"end":{"line":34,"column":61}},"8":{"start":{"line":35,"column":16},"end":{"line":35,"column":53}},"9":{"start":{"line":38,"column":8},"end":{"line":38,"column":103}},"10":{"start":{"line":45,"column":8},"end":{"line":45,"column":79}},"11":{"start":{"line":45,"column":62},"end":{"line":45,"column":77}},"12":{"start":{"line":54,"column":8},"end":{"line":54,"column":40}},"13":{"start":{"line":57,"column":8},"end":{"line":57,"column":41}},"14":{"start":{"line":58,"column":8},"end":{"line":60,"column":9}},"15":{"start":{"line":59,"column":12},"end":{"line":59,"column":56}},"16":{"start":{"line":67,"column":8},"end":{"line":81,"column":11}},"17":{"start":{"line":68,"column":12},"end":{"line":80,"column":13}},"18":{"start":{"line":69,"column":16},"end":{"line":69,"column":26}},"19":{"start":{"line":70,"column":19},"end":{"line":80,"column":13}},"20":{"start":{"line":71,"column":16},"end":{"line":71,"column":25}},"21":{"start":{"line":73,"column":16},"end":{"line":79,"column":17}},"22":{"start":{"line":74,"column":20},"end":{"line":74,"column":30}},"23":{"start":{"line":75,"column":23},"end":{"line":79,"column":17}},"24":{"start":{"line":76,"column":20},"end":{"line":76,"column":29}},"25":{"start":{"line":78,"column":20},"end":{"line":78,"column":29}},"26":{"start":{"line":93,"column":31},"end":{"line":93,"column":53}},"27":{"start":{"line":94,"column":8},"end":{"line":94,"column":45}},"28":{"start":{"line":95,"column":8},"end":{"line":97,"column":9}},"29":{"start":{"line":96,"column":12},"end":{"line":96,"column":56}},"30":{"start":{"line":109,"column":31},"end":{"line":109,"column":53}},"31":{"start":{"line":110,"column":8},"end":{"line":110,"column":119}},"32":{"start":{"line":110,"column":75},"end":{"line":110,"column":117}},"33":{"start":{"line":120,"column":8},"end":{"line":120,"column":92}},"34":{"start":{"line":120,"column":75},"end":{"line":120,"column":90}},"35":{"start":{"line":127,"column":8},"end":{"line":127,"column":29}},"36":{"start":{"line":134,"column":8},"end":{"line":134,"column":36}},"37":{"start":{"line":136,"column":16},"end":{"line":136,"column":17}},"38":{"start":{"line":137,"column":8},"end":{"line":159,"column":9}},"39":{"start":{"line":138,"column":28},"end":{"line":138,"column":40}},"40":{"start":{"line":139,"column":25},"end":{"line":139,"column":41}},"41":{"start":{"line":142,"column":12},"end":{"line":158,"column":13}},"42":{"start":{"line":147,"column":16},"end":{"line":150,"column":18}},"43":{"start":{"line":151,"column":16},"end":{"line":154,"column":18}},"44":{"start":{"line":155,"column":16},"end":{"line":155,"column":43}},"45":{"start":{"line":157,"column":16},"end":{"line":157,"column":20}},"46":{"start":{"line":170,"column":31},"end":{"line":170,"column":76}},"47":{"start":{"line":171,"column":30},"end":{"line":171,"column":73}},"48":{"start":{"line":171,"column":57},"end":{"line":171,"column":72}},"49":{"start":{"line":172,"column":8},"end":{"line":174,"column":9}},"50":{"start":{"line":173,"column":12},"end":{"line":173,"column":54}},"51":{"start":{"line":175,"column":8},"end":{"line":175,"column":40}},"52":{"start":{"line":177,"column":8},"end":{"line":179,"column":49}},"53":{"start":{"line":183,"column":33},"end":{"line":183,"column":35}},"54":{"start":{"line":184,"column":28},"end":{"line":184,"column":71}},"55":{"start":{"line":184,"column":50},"end":{"line":184,"column":70}},"56":{"start":{"line":185,"column":8},"end":{"line":187,"column":9}},"57":{"start":{"line":186,"column":12},"end":{"line":186,"column":24}},"58":{"start":{"line":188,"column":37},"end":{"line":188,"column":82}},"59":{"start":{"line":188,"column":61},"end":{"line":188,"column":81}},"60":{"start":{"line":190,"column":8},"end":{"line":192,"column":9}},"61":{"start":{"line":191,"column":12},"end":{"line":191,"column":30}},"62":{"start":{"line":194,"column":8},"end":{"line":199,"column":9}},"63":{"start":{"line":195,"column":12},"end":{"line":198,"column":16}},"64":{"start":{"line":201,"column":8},"end":{"line":208,"column":9}},"65":{"start":{"line":201,"column":21},"end":{"line":201,"column":22}},"66":{"start":{"line":202,"column":28},"end":{"line":202,"column":51}},"67":{"start":{"line":203,"column":25},"end":{"line":203,"column":52}},"68":{"start":{"line":204,"column":12},"end":{"line":207,"column":16}},"69":{"start":{"line":210,"column":8},"end":{"line":215,"column":9}},"70":{"start":{"line":211,"column":12},"end":{"line":214,"column":16}},"71":{"start":{"line":217,"column":8},"end":{"line":217,"column":20}},"72":{"start":{"line":221,"column":33},"end":{"line":221,"column":35}},"73":{"start":{"line":222,"column":8},"end":{"line":224,"column":9}},"74":{"start":{"line":223,"column":12},"end":{"line":223,"column":24}},"75":{"start":{"line":225,"column":8},"end":{"line":238,"column":9}},"76":{"start":{"line":226,"column":12},"end":{"line":237,"column":13}},"77":{"start":{"line":226,"column":25},"end":{"line":226,"column":26}},"78":{"start":{"line":227,"column":32},"end":{"line":227,"column":44}},"79":{"start":{"line":228,"column":29},"end":{"line":228,"column":45}},"80":{"start":{"line":230,"column":16},"end":{"line":236,"column":17}},"81":{"start":{"line":232,"column":20},"end":{"line":235,"column":24}},"82":{"start":{"line":239,"column":8},"end":{"line":239,"column":20}},"83":{"start":{"line":249,"column":31},"end":{"line":249,"column":53}},"84":{"start":{"line":251,"column":49},"end":{"line":251,"column":125}},"85":{"start":{"line":251,"column":98},"end":{"line":251,"column":124}},"86":{"start":{"line":252,"column":8},"end":{"line":277,"column":9}},"87":{"start":{"line":253,"column":43},"end":{"line":253,"column":135}},"88":{"start":{"line":255,"column":45},"end":{"line":255,"column":166}},"89":{"start":{"line":255,"column":94},"end":{"line":255,"column":165}},"90":{"start":{"line":256,"column":12},"end":{"line":259,"column":13}},"91":{"start":{"line":257,"column":16},"end":{"line":257,"column":110}},"92":{"start":{"line":258,"column":16},"end":{"line":258,"column":67}},"93":{"start":{"line":261,"column":45},"end":{"line":261,"column":166}},"94":{"start":{"line":261,"column":94},"end":{"line":261,"column":165}},"95":{"start":{"line":262,"column":12},"end":{"line":265,"column":13}},"96":{"start":{"line":263,"column":16},"end":{"line":263,"column":110}},"97":{"start":{"line":264,"column":16},"end":{"line":264,"column":67}},"98":{"start":{"line":267,"column":12},"end":{"line":276,"column":13}},"99":{"start":{"line":268,"column":16},"end":{"line":268,"column":29}},"100":{"start":{"line":269,"column":16},"end":{"line":269,"column":188}},"101":{"start":{"line":270,"column":16},"end":{"line":270,"column":188}},"102":{"start":{"line":273,"column":16},"end":{"line":275,"column":17}},"103":{"start":{"line":274,"column":20},"end":{"line":274,"column":61}},"104":{"start":{"line":286,"column":30},"end":{"line":286,"column":44}},"105":{"start":{"line":287,"column":8},"end":{"line":287,"column":40}},"106":{"start":{"line":289,"column":8},"end":{"line":328,"column":9}},"107":{"start":{"line":290,"column":12},"end":{"line":301,"column":13}},"108":{"start":{"line":290,"column":25},"end":{"line":290,"column":26}},"109":{"start":{"line":291,"column":32},"end":{"line":291,"column":48}},"110":{"start":{"line":292,"column":29},"end":{"line":292,"column":49}},"111":{"start":{"line":295,"column":16},"end":{"line":300,"column":17}},"112":{"start":{"line":296,"column":50},"end":{"line":296,"column":111}},"113":{"start":{"line":296,"column":78},"end":{"line":296,"column":110}},"114":{"start":{"line":297,"column":20},"end":{"line":299,"column":21}},"115":{"start":{"line":298,"column":24},"end":{"line":298,"column":114}},"116":{"start":{"line":302,"column":12},"end":{"line":302,"column":44}},"117":{"start":{"line":304,"column":12},"end":{"line":327,"column":13}},"118":{"start":{"line":304,"column":25},"end":{"line":304,"column":26}},"119":{"start":{"line":305,"column":32},"end":{"line":305,"column":48}},"120":{"start":{"line":306,"column":29},"end":{"line":306,"column":49}},"121":{"start":{"line":308,"column":16},"end":{"line":326,"column":17}},"122":{"start":{"line":309,"column":20},"end":{"line":309,"column":51}},"123":{"start":{"line":311,"column":20},"end":{"line":311,"column":143}},"124":{"start":{"line":313,"column":50},"end":{"line":313,"column":114}},"125":{"start":{"line":313,"column":78},"end":{"line":313,"column":113}},"126":{"start":{"line":314,"column":20},"end":{"line":316,"column":21}},"127":{"start":{"line":315,"column":24},"end":{"line":315,"column":64}},"128":{"start":{"line":318,"column":20},"end":{"line":318,"column":46}},"129":{"start":{"line":320,"column":20},"end":{"line":320,"column":24}},"130":{"start":{"line":321,"column":23},"end":{"line":326,"column":17}},"131":{"start":{"line":322,"column":50},"end":{"line":322,"column":111}},"132":{"start":{"line":322,"column":78},"end":{"line":322,"column":110}},"133":{"start":{"line":323,"column":20},"end":{"line":325,"column":21}},"134":{"start":{"line":324,"column":24},"end":{"line":324,"column":114}},"135":{"start":{"line":340,"column":8},"end":{"line":340,"column":85}},"136":{"start":{"line":340,"column":64},"end":{"line":340,"column":83}},"137":{"start":{"line":348,"column":8},"end":{"line":348,"column":79}},"138":{"start":{"line":348,"column":47},"end":{"line":348,"column":66}},"139":{"start":{"line":20,"column":0},"end":{"line":20,"column":13}}},"fnMap":{"0":{"name":"(anonymous_0)","decl":{"start":{"line":31,"column":4},"end":{"line":31,"column":16}},"loc":{"start":{"line":31,"column":98},"end":{"line":39,"column":5}}},"1":{"name":"(anonymous_1)","decl":{"start":{"line":44,"column":4},"end":{"line":44,"column":8}},"loc":{"start":{"line":44,"column":17},"end":{"line":46,"column":5}}},"2":{"name":"(anonymous_2)","decl":{"start":{"line":45,"column":35},"end":{"line":45,"column":36}},"loc":{"start":{"line":45,"column":62},"end":{"line":45,"column":77}}},"3":{"name":"(anonymous_3)","decl":{"start":{"line":53,"column":4},"end":{"line":53,"column":8}},"loc":{"start":{"line":53,"column":26},"end":{"line":55,"column":5}}},"4":{"name":"(anonymous_4)","decl":{"start":{"line":56,"column":4},"end":{"line":56,"column":8}},"loc":{"start":{"line":56,"column":41},"end":{"line":61,"column":5}}},"5":{"name":"(anonymous_5)","decl":{"start":{"line":66,"column":4},"end":{"line":66,"column":10}},"loc":{"start":{"line":66,"column":37},"end":{"line":82,"column":5}}},"6":{"name":"(anonymous_6)","decl":{"start":{"line":67,"column":23},"end":{"line":67,"column":24}},"loc":{"start":{"line":67,"column":60},"end":{"line":81,"column":9}}},"7":{"name":"(anonymous_7)","decl":{"start":{"line":92,"column":4},"end":{"line":92,"column":15}},"loc":{"start":{"line":92,"column":44},"end":{"line":98,"column":5}}},"8":{"name":"(anonymous_8)","decl":{"start":{"line":108,"column":4},"end":{"line":108,"column":18}},"loc":{"start":{"line":108,"column":47},"end":{"line":111,"column":5}}},"9":{"name":"(anonymous_9)","decl":{"start":{"line":110,"column":49},"end":{"line":110,"column":50}},"loc":{"start":{"line":110,"column":75},"end":{"line":110,"column":117}}},"10":{"name":"(anonymous_10)","decl":{"start":{"line":119,"column":4},"end":{"line":119,"column":24}},"loc":{"start":{"line":119,"column":37},"end":{"line":121,"column":5}}},"11":{"name":"(anonymous_11)","decl":{"start":{"line":120,"column":49},"end":{"line":120,"column":50}},"loc":{"start":{"line":120,"column":75},"end":{"line":120,"column":90}}},"12":{"name":"(anonymous_12)","decl":{"start":{"line":126,"column":4},"end":{"line":126,"column":9}},"loc":{"start":{"line":126,"column":9},"end":{"line":128,"column":5}}},"13":{"name":"(anonymous_13)","decl":{"start":{"line":133,"column":12},"end":{"line":133,"column":18}},"loc":{"start":{"line":133,"column":55},"end":{"line":160,"column":5}}},"14":{"name":"(anonymous_14)","decl":{"start":{"line":169,"column":4},"end":{"line":169,"column":19}},"loc":{"start":{"line":169,"column":49},"end":{"line":180,"column":5}}},"15":{"name":"(anonymous_15)","decl":{"start":{"line":171,"column":50},"end":{"line":171,"column":51}},"loc":{"start":{"line":171,"column":57},"end":{"line":171,"column":72}}},"16":{"name":"(anonymous_16)","decl":{"start":{"line":182,"column":12},"end":{"line":182,"column":31}},"loc":{"start":{"line":182,"column":73},"end":{"line":218,"column":5}}},"17":{"name":"(anonymous_17)","decl":{"start":{"line":184,"column":43},"end":{"line":184,"column":44}},"loc":{"start":{"line":184,"column":50},"end":{"line":184,"column":70}}},"18":{"name":"(anonymous_18)","decl":{"start":{"line":188,"column":54},"end":{"line":188,"column":55}},"loc":{"start":{"line":188,"column":61},"end":{"line":188,"column":81}}},"19":{"name":"(anonymous_19)","decl":{"start":{"line":220,"column":12},"end":{"line":220,"column":26}},"loc":{"start":{"line":220,"column":48},"end":{"line":240,"column":5}}},"20":{"name":"(anonymous_20)","decl":{"start":{"line":248,"column":4},"end":{"line":248,"column":21}},"loc":{"start":{"line":248,"column":50},"end":{"line":278,"column":5}}},"21":{"name":"(anonymous_21)","decl":{"start":{"line":251,"column":72},"end":{"line":251,"column":73}},"loc":{"start":{"line":251,"column":98},"end":{"line":251,"column":124}}},"22":{"name":"(anonymous_22)","decl":{"start":{"line":255,"column":68},"end":{"line":255,"column":69}},"loc":{"start":{"line":255,"column":94},"end":{"line":255,"column":165}}},"23":{"name":"(anonymous_23)","decl":{"start":{"line":261,"column":68},"end":{"line":261,"column":69}},"loc":{"start":{"line":261,"column":94},"end":{"line":261,"column":165}}},"24":{"name":"(anonymous_24)","decl":{"start":{"line":285,"column":4},"end":{"line":285,"column":18}},"loc":{"start":{"line":285,"column":18},"end":{"line":329,"column":5}}},"25":{"name":"(anonymous_25)","decl":{"start":{"line":296,"column":71},"end":{"line":296,"column":72}},"loc":{"start":{"line":296,"column":78},"end":{"line":296,"column":110}}},"26":{"name":"(anonymous_26)","decl":{"start":{"line":313,"column":71},"end":{"line":313,"column":72}},"loc":{"start":{"line":313,"column":78},"end":{"line":313,"column":113}}},"27":{"name":"(anonymous_27)","decl":{"start":{"line":322,"column":71},"end":{"line":322,"column":72}},"loc":{"start":{"line":322,"column":78},"end":{"line":322,"column":110}}},"28":{"name":"(anonymous_28)","decl":{"start":{"line":339,"column":4},"end":{"line":339,"column":26}},"loc":{"start":{"line":339,"column":36},"end":{"line":341,"column":5}}},"29":{"name":"(anonymous_29)","decl":{"start":{"line":340,"column":38},"end":{"line":340,"column":39}},"loc":{"start":{"line":340,"column":64},"end":{"line":340,"column":83}}},"30":{"name":"(anonymous_30)","decl":{"start":{"line":347,"column":4},"end":{"line":347,"column":12}},"loc":{"start":{"line":347,"column":12},"end":{"line":349,"column":5}}},"31":{"name":"(anonymous_31)","decl":{"start":{"line":348,"column":35},"end":{"line":348,"column":43}},"loc":{"start":{"line":348,"column":47},"end":{"line":348,"column":66}}}},"branchMap":{"0":{"loc":{"start":{"line":32,"column":8},"end":{"line":37,"column":9}},"type":"if","locations":[{"start":{"line":32,"column":8},"end":{"line":37,"column":9}}]},"1":{"loc":{"start":{"line":38,"column":34},"end":{"line":38,"column":102}},"type":"binary-expr","locations":[{"start":{"line":38,"column":34},"end":{"line":38,"column":74}},{"start":{"line":38,"column":78},"end":{"line":38,"column":102}}]},"2":{"loc":{"start":{"line":58,"column":8},"end":{"line":60,"column":9}},"type":"if","locations":[{"start":{"line":58,"column":8},"end":{"line":60,"column":9}}]},"3":{"loc":{"start":{"line":68,"column":12},"end":{"line":80,"column":13}},"type":"if","locations":[{"start":{"line":68,"column":12},"end":{"line":80,"column":13}},{"start":{"line":70,"column":19},"end":{"line":80,"column":13}}]},"4":{"loc":{"start":{"line":70,"column":19},"end":{"line":80,"column":13}},"type":"if","locations":[{"start":{"line":70,"column":19},"end":{"line":80,"column":13}},{"start":{"line":72,"column":19},"end":{"line":80,"column":13}}]},"5":{"loc":{"start":{"line":73,"column":16},"end":{"line":79,"column":17}},"type":"if","locations":[{"start":{"line":73,"column":16},"end":{"line":79,"column":17}},{"start":{"line":75,"column":23},"end":{"line":79,"column":17}}]},"6":{"loc":{"start":{"line":73,"column":20},"end":{"line":73,"column":53}},"type":"binary-expr","locations":[{"start":{"line":73,"column":20},"end":{"line":73,"column":34}},{"start":{"line":73,"column":38},"end":{"line":73,"column":53}}]},"7":{"loc":{"start":{"line":75,"column":23},"end":{"line":79,"column":17}},"type":"if","locations":[{"start":{"line":75,"column":23},"end":{"line":79,"column":17}},{"start":{"line":77,"column":23},"end":{"line":79,"column":17}}]},"8":{"loc":{"start":{"line":75,"column":27},"end":{"line":75,"column":60}},"type":"binary-expr","locations":[{"start":{"line":75,"column":27},"end":{"line":75,"column":42}},{"start":{"line":75,"column":46},"end":{"line":75,"column":60}}]},"9":{"loc":{"start":{"line":95,"column":8},"end":{"line":97,"column":9}},"type":"if","locations":[{"start":{"line":95,"column":8},"end":{"line":97,"column":9}}]},"10":{"loc":{"start":{"line":142,"column":12},"end":{"line":158,"column":13}},"type":"if","locations":[{"start":{"line":142,"column":12},"end":{"line":158,"column":13}},{"start":{"line":156,"column":19},"end":{"line":158,"column":13}}]},"11":{"loc":{"start":{"line":143,"column":16},"end":{"line":144,"column":103}},"type":"binary-expr","locations":[{"start":{"line":143,"column":16},"end":{"line":143,"column":38}},{"start":{"line":144,"column":17},"end":{"line":144,"column":55}},{"start":{"line":144,"column":60},"end":{"line":144,"column":80}},{"start":{"line":144,"column":84},"end":{"line":144,"column":101}}]},"12":{"loc":{"start":{"line":149,"column":20},"end":{"line":149,"column":61}},"type":"binary-expr","locations":[{"start":{"line":149,"column":20},"end":{"line":149,"column":40}},{"start":{"line":149,"column":44},"end":{"line":149,"column":61}}]},"13":{"loc":{"start":{"line":153,"column":20},"end":{"line":153,"column":61}},"type":"binary-expr","locations":[{"start":{"line":153,"column":20},"end":{"line":153,"column":40}},{"start":{"line":153,"column":44},"end":{"line":153,"column":61}}]},"14":{"loc":{"start":{"line":170,"column":31},"end":{"line":170,"column":76}},"type":"cond-expr","locations":[{"start":{"line":170,"column":42},"end":{"line":170,"column":64}},{"start":{"line":170,"column":67},"end":{"line":170,"column":76}}]},"15":{"loc":{"start":{"line":172,"column":8},"end":{"line":174,"column":9}},"type":"if","locations":[{"start":{"line":172,"column":8},"end":{"line":174,"column":9}}]},"16":{"loc":{"start":{"line":177,"column":15},"end":{"line":179,"column":48}},"type":"cond-expr","locations":[{"start":{"line":178,"column":14},"end":{"line":178,"column":69}},{"start":{"line":179,"column":14},"end":{"line":179,"column":48}}]},"17":{"loc":{"start":{"line":185,"column":8},"end":{"line":187,"column":9}},"type":"if","locations":[{"start":{"line":185,"column":8},"end":{"line":187,"column":9}}]},"18":{"loc":{"start":{"line":190,"column":8},"end":{"line":192,"column":9}},"type":"if","locations":[{"start":{"line":190,"column":8},"end":{"line":192,"column":9}}]},"19":{"loc":{"start":{"line":194,"column":8},"end":{"line":199,"column":9}},"type":"if","locations":[{"start":{"line":194,"column":8},"end":{"line":199,"column":9}}]},"20":{"loc":{"start":{"line":210,"column":8},"end":{"line":215,"column":9}},"type":"if","locations":[{"start":{"line":210,"column":8},"end":{"line":215,"column":9}}]},"21":{"loc":{"start":{"line":222,"column":8},"end":{"line":224,"column":9}},"type":"if","locations":[{"start":{"line":222,"column":8},"end":{"line":224,"column":9}}]},"22":{"loc":{"start":{"line":225,"column":8},"end":{"line":238,"column":9}},"type":"if","locations":[{"start":{"line":225,"column":8},"end":{"line":238,"column":9}}]},"23":{"loc":{"start":{"line":230,"column":16},"end":{"line":236,"column":17}},"type":"if","locations":[{"start":{"line":230,"column":16},"end":{"line":236,"column":17}}]},"24":{"loc":{"start":{"line":230,"column":20},"end":{"line":230,"column":136}},"type":"binary-expr","locations":[{"start":{"line":230,"column":20},"end":{"line":230,"column":43}},{"start":{"line":230,"column":48},"end":{"line":230,"column":86}},{"start":{"line":230,"column":91},"end":{"line":230,"column":112}},{"start":{"line":230,"column":116},"end":{"line":230,"column":134}}]},"25":{"loc":{"start":{"line":252,"column":8},"end":{"line":277,"column":9}},"type":"if","locations":[{"start":{"line":252,"column":8},"end":{"line":277,"column":9}}]},"26":{"loc":{"start":{"line":255,"column":94},"end":{"line":255,"column":165}},"type":"binary-expr","locations":[{"start":{"line":255,"column":94},"end":{"line":255,"column":127}},{"start":{"line":255,"column":131},"end":{"line":255,"column":165}}]},"27":{"loc":{"start":{"line":261,"column":94},"end":{"line":261,"column":165}},"type":"binary-expr","locations":[{"start":{"line":261,"column":94},"end":{"line":261,"column":127}},{"start":{"line":261,"column":131},"end":{"line":261,"column":165}}]},"28":{"loc":{"start":{"line":267,"column":12},"end":{"line":276,"column":13}},"type":"if","locations":[{"start":{"line":267,"column":12},"end":{"line":276,"column":13}},{"start":{"line":271,"column":19},"end":{"line":276,"column":13}}]},"29":{"loc":{"start":{"line":267,"column":16},"end":{"line":267,"column":125}},"type":"binary-expr","locations":[{"start":{"line":267,"column":16},"end":{"line":267,"column":61}},{"start":{"line":267,"column":65},"end":{"line":267,"column":125}}]},"30":{"loc":{"start":{"line":289,"column":8},"end":{"line":328,"column":9}},"type":"if","locations":[{"start":{"line":289,"column":8},"end":{"line":328,"column":9}},{"start":{"line":303,"column":15},"end":{"line":328,"column":9}}]},"31":{"loc":{"start":{"line":295,"column":16},"end":{"line":300,"column":17}},"type":"if","locations":[{"start":{"line":295,"column":16},"end":{"line":300,"column":17}}]},"32":{"loc":{"start":{"line":295,"column":20},"end":{"line":295,"column":104}},"type":"binary-expr","locations":[{"start":{"line":295,"column":20},"end":{"line":295,"column":58}},{"start":{"line":295,"column":62},"end":{"line":295,"column":104}}]},"33":{"loc":{"start":{"line":297,"column":20},"end":{"line":299,"column":21}},"type":"if","locations":[{"start":{"line":297,"column":20},"end":{"line":299,"column":21}}]},"34":{"loc":{"start":{"line":308,"column":16},"end":{"line":326,"column":17}},"type":"if","locations":[{"start":{"line":308,"column":16},"end":{"line":326,"column":17}},{"start":{"line":321,"column":23},"end":{"line":326,"column":17}}]},"35":{"loc":{"start":{"line":308,"column":20},"end":{"line":308,"column":89}},"type":"binary-expr","locations":[{"start":{"line":308,"column":20},"end":{"line":308,"column":49}},{"start":{"line":308,"column":53},"end":{"line":308,"column":89}}]},"36":{"loc":{"start":{"line":311,"column":100},"end":{"line":311,"column":141}},"type":"binary-expr","locations":[{"start":{"line":311,"column":100},"end":{"line":311,"column":120}},{"start":{"line":311,"column":124},"end":{"line":311,"column":141}}]},"37":{"loc":{"start":{"line":314,"column":20},"end":{"line":316,"column":21}},"type":"if","locations":[{"start":{"line":314,"column":20},"end":{"line":316,"column":21}}]},"38":{"loc":{"start":{"line":321,"column":23},"end":{"line":326,"column":17}},"type":"if","locations":[{"start":{"line":321,"column":23},"end":{"line":326,"column":17}}]},"39":{"loc":{"start":{"line":323,"column":20},"end":{"line":325,"column":21}},"type":"if","locations":[{"start":{"line":323,"column":20},"end":{"line":325,"column":21}}]}},"s":{"0":1,"1":2,"2":1,"3":54,"4":54,"5":54,"6":5,"7":8,"8":8,"9":54,"10":121,"11":171,"12":65,"13":63,"14":63,"15":38,"16":121,"17":58,"18":5,"19":53,"20":44,"21":9,"22":5,"23":4,"24":1,"25":3,"26":88,"27":88,"28":88,"29":50,"30":11,"31":11,"32":19,"33":2,"34":3,"35":2,"36":92,"37":92,"38":92,"39":34,"40":34,"41":34,"42":19,"43":19,"44":19,"45":15,"46":13,"47":13,"48":20,"49":13,"50":4,"51":13,"52":13,"53":6,"54":6,"55":7,"56":6,"57":2,"58":4,"59":5,"60":4,"61":1,"62":3,"63":2,"64":3,"65":3,"66":1,"67":1,"68":1,"69":3,"70":2,"71":3,"72":7,"73":7,"74":4,"75":3,"76":3,"77":3,"78":4,"79":4,"80":4,"81":4,"82":3,"83":3,"84":3,"85":4,"86":3,"87":2,"88":2,"89":3,"90":2,"91":1,"92":1,"93":2,"94":3,"95":2,"96":1,"97":1,"98":2,"99":1,"100":1,"101":1,"102":1,"103":2,"104":11,"105":11,"106":11,"107":3,"108":3,"109":3,"110":3,"111":3,"112":3,"113":6,"114":3,"115":3,"116":3,"117":8,"118":8,"119":8,"120":8,"121":8,"122":3,"123":3,"124":3,"125":3,"126":3,"127":3,"128":3,"129":3,"130":5,"131":5,"132":10,"133":5,"134":5,"135":4,"136":4,"137":2,"138":4,"139":1},"f":{"0":54,"1":121,"2":171,"3":65,"4":63,"5":121,"6":58,"7":88,"8":11,"9":19,"10":2,"11":3,"12":2,"13":92,"14":13,"15":20,"16":6,"17":7,"18":5,"19":7,"20":3,"21":4,"22":3,"23":3,"24":11,"25":6,"26":3,"27":10,"28":4,"29":4,"30":2,"31":4},"b":{"0":[5],"1":[54,32],"2":[38],"3":[5,53],"4":[44,9],"5":[5,4],"6":[9,7],"7":[1,3],"8":[4,2],"9":[50],"10":[19,15],"11":[34,23,10,9],"12":[19,1],"13":[19,8],"14":[6,7],"15":[4],"16":[6,7],"17":[2],"18":[1],"19":[2],"20":[2],"21":[4],"22":[3],"23":[4],"24":[4,4,1,1],"25":[2],"26":[3,1],"27":[3,1],"28":[1,1],"29":[2,1],"30":[3,8],"31":[3],"32":[3,1],"33":[3],"34":[3,5],"35":[8,5],"36":[3,1],"37":[3],"38":[5],"39":[5]}}
}
