{"C:\\Users\\colin\\Git Repos\\cjsutils\\src\\interval.ts": {"path":"C:\\Users\\colin\\Git Repos\\cjsutils\\src\\interval.ts","statementMap":{"0":{"start":{"line":274,"column":0},"end":{"line":274,"column":16}},"1":{"start":{"line":13,"column":8},"end":{"line":13,"column":29}},"2":{"start":{"line":14,"column":8},"end":{"line":14,"column":33}},"3":{"start":{"line":21,"column":8},"end":{"line":23,"column":9}},"4":{"start":{"line":22,"column":12},"end":{"line":22,"column":38}},"5":{"start":{"line":24,"column":8},"end":{"line":24,"column":72}},"6":{"start":{"line":8,"column":0},"end":{"line":8,"column":13}},"7":{"start":{"line":51,"column":8},"end":{"line":53,"column":9}},"8":{"start":{"line":52,"column":12},"end":{"line":52,"column":53}},"9":{"start":{"line":55,"column":8},"end":{"line":59,"column":9}},"10":{"start":{"line":56,"column":12},"end":{"line":58,"column":14}},"11":{"start":{"line":61,"column":8},"end":{"line":61,"column":29}},"12":{"start":{"line":62,"column":8},"end":{"line":62,"column":29}},"13":{"start":{"line":63,"column":8},"end":{"line":63,"column":34}},"14":{"start":{"line":68,"column":8},"end":{"line":68,"column":68}},"15":{"start":{"line":71,"column":8},"end":{"line":71,"column":49}},"16":{"start":{"line":72,"column":8},"end":{"line":74,"column":9}},"17":{"start":{"line":73,"column":12},"end":{"line":73,"column":117}},"18":{"start":{"line":75,"column":8},"end":{"line":75,"column":24}},"19":{"start":{"line":80,"column":8},"end":{"line":80,"column":68}},"20":{"start":{"line":83,"column":8},"end":{"line":83,"column":49}},"21":{"start":{"line":84,"column":8},"end":{"line":86,"column":9}},"22":{"start":{"line":85,"column":12},"end":{"line":85,"column":117}},"23":{"start":{"line":87,"column":8},"end":{"line":87,"column":24}},"24":{"start":{"line":91,"column":8},"end":{"line":91,"column":67}},"25":{"start":{"line":94,"column":8},"end":{"line":94,"column":49}},"26":{"start":{"line":95,"column":8},"end":{"line":99,"column":9}},"27":{"start":{"line":96,"column":12},"end":{"line":96,"column":27}},"28":{"start":{"line":98,"column":12},"end":{"line":98,"column":27}},"29":{"start":{"line":103,"column":8},"end":{"line":103,"column":67}},"30":{"start":{"line":106,"column":8},"end":{"line":106,"column":49}},"31":{"start":{"line":107,"column":8},"end":{"line":111,"column":9}},"32":{"start":{"line":108,"column":12},"end":{"line":108,"column":27}},"33":{"start":{"line":110,"column":12},"end":{"line":110,"column":27}},"34":{"start":{"line":118,"column":27},"end":{"line":118,"column":94}},"35":{"start":{"line":119,"column":27},"end":{"line":119,"column":94}},"36":{"start":{"line":120,"column":8},"end":{"line":120,"column":40}},"37":{"start":{"line":127,"column":31},"end":{"line":127,"column":36}},"38":{"start":{"line":129,"column":8},"end":{"line":134,"column":9}},"39":{"start":{"line":130,"column":12},"end":{"line":130,"column":89}},"40":{"start":{"line":132,"column":12},"end":{"line":133,"column":100}},"41":{"start":{"line":135,"column":8},"end":{"line":135,"column":32}},"42":{"start":{"line":142,"column":31},"end":{"line":142,"column":36}},"43":{"start":{"line":144,"column":8},"end":{"line":149,"column":9}},"44":{"start":{"line":145,"column":12},"end":{"line":145,"column":89}},"45":{"start":{"line":147,"column":12},"end":{"line":148,"column":100}},"46":{"start":{"line":150,"column":8},"end":{"line":150,"column":32}},"47":{"start":{"line":157,"column":8},"end":{"line":162,"column":9}},"48":{"start":{"line":158,"column":31},"end":{"line":158,"column":126}},"49":{"start":{"line":159,"column":31},"end":{"line":159,"column":126}},"50":{"start":{"line":161,"column":12},"end":{"line":161,"column":44}},"51":{"start":{"line":164,"column":8},"end":{"line":164,"column":66}},"52":{"start":{"line":171,"column":8},"end":{"line":171,"column":80}},"53":{"start":{"line":181,"column":38},"end":{"line":181,"column":66}},"54":{"start":{"line":182,"column":38},"end":{"line":182,"column":66}},"55":{"start":{"line":183,"column":8},"end":{"line":183,"column":126}},"56":{"start":{"line":187,"column":24},"end":{"line":187,"column":34}},"57":{"start":{"line":190,"column":8},"end":{"line":192,"column":9}},"58":{"start":{"line":191,"column":12},"end":{"line":191,"column":48}},"59":{"start":{"line":195,"column":20},"end":{"line":195,"column":35}},"60":{"start":{"line":196,"column":8},"end":{"line":198,"column":9}},"61":{"start":{"line":197,"column":12},"end":{"line":197,"column":62}},"62":{"start":{"line":200,"column":8},"end":{"line":200,"column":19}},"63":{"start":{"line":207,"column":25},"end":{"line":207,"column":103}},"64":{"start":{"line":208,"column":25},"end":{"line":208,"column":103}},"65":{"start":{"line":209,"column":8},"end":{"line":210,"column":102}},"66":{"start":{"line":223,"column":8},"end":{"line":228,"column":9}},"67":{"start":{"line":224,"column":32},"end":{"line":224,"column":61}},"68":{"start":{"line":225,"column":12},"end":{"line":225,"column":55}},"69":{"start":{"line":227,"column":12},"end":{"line":227,"column":25}},"70":{"start":{"line":240,"column":32},"end":{"line":240,"column":47}},"71":{"start":{"line":241,"column":28},"end":{"line":241,"column":46}},"72":{"start":{"line":242,"column":26},"end":{"line":242,"column":69}},"73":{"start":{"line":243,"column":8},"end":{"line":245,"column":9}},"74":{"start":{"line":244,"column":12},"end":{"line":244,"column":68}},"75":{"start":{"line":246,"column":18},"end":{"line":246,"column":79}},"76":{"start":{"line":247,"column":18},"end":{"line":247,"column":108}},"77":{"start":{"line":249,"column":21},"end":{"line":249,"column":51}},"78":{"start":{"line":250,"column":21},"end":{"line":250,"column":51}},"79":{"start":{"line":252,"column":26},"end":{"line":252,"column":45}},"80":{"start":{"line":253,"column":26},"end":{"line":253,"column":43}},"81":{"start":{"line":254,"column":37},"end":{"line":257,"column":10}},"82":{"start":{"line":259,"column":8},"end":{"line":261,"column":9}},"83":{"start":{"line":260,"column":12},"end":{"line":260,"column":68}},"84":{"start":{"line":262,"column":8},"end":{"line":262,"column":25}},"85":{"start":{"line":266,"column":8},"end":{"line":266,"column":82}},"86":{"start":{"line":270,"column":8},"end":{"line":270,"column":43}},"87":{"start":{"line":45,"column":0},"end":{"line":45,"column":13}},"88":{"start":{"line":275,"column":4},"end":{"line":275,"column":52}}},"fnMap":{"0":{"name":"(anonymous_0)","decl":{"start":{"line":12,"column":4},"end":{"line":12,"column":16}},"loc":{"start":{"line":12,"column":62},"end":{"line":15,"column":5}}},"1":{"name":"(anonymous_1)","decl":{"start":{"line":20,"column":4},"end":{"line":20,"column":10}},"loc":{"start":{"line":20,"column":43},"end":{"line":25,"column":5}}},"2":{"name":"(anonymous_2)","decl":{"start":{"line":50,"column":4},"end":{"line":50,"column":16}},"loc":{"start":{"line":50,"column":44},"end":{"line":64,"column":5}}},"3":{"name":"(anonymous_3)","decl":{"start":{"line":66,"column":4},"end":{"line":66,"column":8}},"loc":{"start":{"line":66,"column":9},"end":{"line":69,"column":5}}},"4":{"name":"(anonymous_4)","decl":{"start":{"line":70,"column":4},"end":{"line":70,"column":8}},"loc":{"start":{"line":70,"column":46},"end":{"line":76,"column":5}}},"5":{"name":"(anonymous_5)","decl":{"start":{"line":78,"column":4},"end":{"line":78,"column":8}},"loc":{"start":{"line":78,"column":9},"end":{"line":81,"column":5}}},"6":{"name":"(anonymous_6)","decl":{"start":{"line":82,"column":4},"end":{"line":82,"column":8}},"loc":{"start":{"line":82,"column":46},"end":{"line":88,"column":5}}},"7":{"name":"(anonymous_7)","decl":{"start":{"line":90,"column":4},"end":{"line":90,"column":8}},"loc":{"start":{"line":90,"column":11},"end":{"line":92,"column":5}}},"8":{"name":"(anonymous_8)","decl":{"start":{"line":93,"column":4},"end":{"line":93,"column":8}},"loc":{"start":{"line":93,"column":48},"end":{"line":100,"column":5}}},"9":{"name":"(anonymous_9)","decl":{"start":{"line":102,"column":4},"end":{"line":102,"column":8}},"loc":{"start":{"line":102,"column":11},"end":{"line":104,"column":5}}},"10":{"name":"(anonymous_10)","decl":{"start":{"line":105,"column":4},"end":{"line":105,"column":8}},"loc":{"start":{"line":105,"column":48},"end":{"line":112,"column":5}}},"11":{"name":"(anonymous_11)","decl":{"start":{"line":117,"column":4},"end":{"line":117,"column":18}},"loc":{"start":{"line":117,"column":34},"end":{"line":121,"column":5}}},"12":{"name":"(anonymous_12)","decl":{"start":{"line":126,"column":4},"end":{"line":126,"column":15}},"loc":{"start":{"line":126,"column":33},"end":{"line":136,"column":5}}},"13":{"name":"(anonymous_13)","decl":{"start":{"line":141,"column":4},"end":{"line":141,"column":15}},"loc":{"start":{"line":141,"column":33},"end":{"line":151,"column":5}}},"14":{"name":"(anonymous_14)","decl":{"start":{"line":156,"column":4},"end":{"line":156,"column":12}},"loc":{"start":{"line":156,"column":41},"end":{"line":165,"column":5}}},"15":{"name":"(anonymous_15)","decl":{"start":{"line":170,"column":4},"end":{"line":170,"column":12}},"loc":{"start":{"line":170,"column":31},"end":{"line":172,"column":5}}},"16":{"name":"(anonymous_16)","decl":{"start":{"line":180,"column":4},"end":{"line":180,"column":12}},"loc":{"start":{"line":180,"column":12},"end":{"line":184,"column":5}}},"17":{"name":"(anonymous_17)","decl":{"start":{"line":186,"column":12},"end":{"line":186,"column":18}},"loc":{"start":{"line":186,"column":49},"end":{"line":201,"column":5}}},"18":{"name":"(anonymous_18)","decl":{"start":{"line":206,"column":4},"end":{"line":206,"column":10}},"loc":{"start":{"line":206,"column":44},"end":{"line":211,"column":5}}},"19":{"name":"(anonymous_19)","decl":{"start":{"line":222,"column":4},"end":{"line":222,"column":10}},"loc":{"start":{"line":222,"column":47},"end":{"line":229,"column":5}}},"20":{"name":"(anonymous_20)","decl":{"start":{"line":239,"column":4},"end":{"line":239,"column":10}},"loc":{"start":{"line":239,"column":38},"end":{"line":263,"column":5}}},"21":{"name":"(anonymous_21)","decl":{"start":{"line":265,"column":12},"end":{"line":265,"column":18}},"loc":{"start":{"line":265,"column":85},"end":{"line":267,"column":5}}},"22":{"name":"(anonymous_22)","decl":{"start":{"line":269,"column":4},"end":{"line":269,"column":10}},"loc":{"start":{"line":269,"column":34},"end":{"line":271,"column":5}}},"23":{"name":"formatNumericValue","decl":{"start":{"line":274,"column":16},"end":{"line":274,"column":34}},"loc":{"start":{"line":274,"column":50},"end":{"line":276,"column":1}}}},"branchMap":{"0":{"loc":{"start":{"line":12,"column":38},"end":{"line":12,"column":62}},"type":"default-arg","locations":[{"start":{"line":12,"column":58},"end":{"line":12,"column":62}}]},"1":{"loc":{"start":{"line":21,"column":8},"end":{"line":23,"column":9}},"type":"if","locations":[{"start":{"line":21,"column":8},"end":{"line":23,"column":9}}]},"2":{"loc":{"start":{"line":21,"column":12},"end":{"line":21,"column":58}},"type":"binary-expr","locations":[{"start":{"line":21,"column":12},"end":{"line":21,"column":33}},{"start":{"line":21,"column":37},"end":{"line":21,"column":58}}]},"3":{"loc":{"start":{"line":24,"column":15},"end":{"line":24,"column":71}},"type":"binary-expr","locations":[{"start":{"line":24,"column":15},"end":{"line":24,"column":39}},{"start":{"line":24,"column":43},"end":{"line":24,"column":71}}]},"4":{"loc":{"start":{"line":51,"column":8},"end":{"line":53,"column":9}},"type":"if","locations":[{"start":{"line":51,"column":8},"end":{"line":53,"column":9}}]},"5":{"loc":{"start":{"line":55,"column":8},"end":{"line":59,"column":9}},"type":"if","locations":[{"start":{"line":55,"column":8},"end":{"line":59,"column":9}}]},"6":{"loc":{"start":{"line":72,"column":8},"end":{"line":74,"column":9}},"type":"if","locations":[{"start":{"line":72,"column":8},"end":{"line":74,"column":9}}]},"7":{"loc":{"start":{"line":72,"column":12},"end":{"line":72,"column":83}},"type":"binary-expr","locations":[{"start":{"line":72,"column":12},"end":{"line":72,"column":43}},{"start":{"line":72,"column":47},"end":{"line":72,"column":64}},{"start":{"line":72,"column":68},"end":{"line":72,"column":83}}]},"8":{"loc":{"start":{"line":84,"column":8},"end":{"line":86,"column":9}},"type":"if","locations":[{"start":{"line":84,"column":8},"end":{"line":86,"column":9}}]},"9":{"loc":{"start":{"line":84,"column":12},"end":{"line":84,"column":83}},"type":"binary-expr","locations":[{"start":{"line":84,"column":12},"end":{"line":84,"column":43}},{"start":{"line":84,"column":47},"end":{"line":84,"column":64}},{"start":{"line":84,"column":68},"end":{"line":84,"column":83}}]},"10":{"loc":{"start":{"line":91,"column":15},"end":{"line":91,"column":66}},"type":"cond-expr","locations":[{"start":{"line":91,"column":49},"end":{"line":91,"column":56}},{"start":{"line":91,"column":59},"end":{"line":91,"column":66}}]},"11":{"loc":{"start":{"line":95,"column":8},"end":{"line":99,"column":9}},"type":"if","locations":[{"start":{"line":95,"column":8},"end":{"line":99,"column":9}},{"start":{"line":97,"column":15},"end":{"line":99,"column":9}}]},"12":{"loc":{"start":{"line":103,"column":15},"end":{"line":103,"column":66}},"type":"cond-expr","locations":[{"start":{"line":103,"column":49},"end":{"line":103,"column":56}},{"start":{"line":103,"column":59},"end":{"line":103,"column":66}}]},"13":{"loc":{"start":{"line":107,"column":8},"end":{"line":111,"column":9}},"type":"if","locations":[{"start":{"line":107,"column":8},"end":{"line":111,"column":9}},{"start":{"line":109,"column":15},"end":{"line":111,"column":9}}]},"14":{"loc":{"start":{"line":118,"column":27},"end":{"line":118,"column":94}},"type":"binary-expr","locations":[{"start":{"line":118,"column":27},"end":{"line":118,"column":46}},{"start":{"line":118,"column":51},"end":{"line":118,"column":72}},{"start":{"line":118,"column":76},"end":{"line":118,"column":93}}]},"15":{"loc":{"start":{"line":119,"column":27},"end":{"line":119,"column":94}},"type":"binary-expr","locations":[{"start":{"line":119,"column":27},"end":{"line":119,"column":46}},{"start":{"line":119,"column":51},"end":{"line":119,"column":72}},{"start":{"line":119,"column":76},"end":{"line":119,"column":93}}]},"16":{"loc":{"start":{"line":120,"column":15},"end":{"line":120,"column":39}},"type":"binary-expr","locations":[{"start":{"line":120,"column":15},"end":{"line":120,"column":25}},{"start":{"line":120,"column":29},"end":{"line":120,"column":39}}]},"17":{"loc":{"start":{"line":129,"column":8},"end":{"line":134,"column":9}},"type":"if","locations":[{"start":{"line":129,"column":8},"end":{"line":134,"column":9}},{"start":{"line":131,"column":15},"end":{"line":134,"column":9}}]},"18":{"loc":{"start":{"line":130,"column":31},"end":{"line":130,"column":88}},"type":"binary-expr","locations":[{"start":{"line":130,"column":31},"end":{"line":130,"column":58}},{"start":{"line":130,"column":62},"end":{"line":130,"column":88}}]},"19":{"loc":{"start":{"line":132,"column":31},"end":{"line":133,"column":99}},"type":"binary-expr","locations":[{"start":{"line":132,"column":32},"end":{"line":132,"column":58}},{"start":{"line":132,"column":63},"end":{"line":132,"column":91}},{"start":{"line":132,"column":95},"end":{"line":132,"column":112}},{"start":{"line":133,"column":17},"end":{"line":133,"column":43}},{"start":{"line":133,"column":48},"end":{"line":133,"column":76}},{"start":{"line":133,"column":80},"end":{"line":133,"column":97}}]},"20":{"loc":{"start":{"line":144,"column":8},"end":{"line":149,"column":9}},"type":"if","locations":[{"start":{"line":144,"column":8},"end":{"line":149,"column":9}},{"start":{"line":146,"column":15},"end":{"line":149,"column":9}}]},"21":{"loc":{"start":{"line":145,"column":31},"end":{"line":145,"column":88}},"type":"binary-expr","locations":[{"start":{"line":145,"column":31},"end":{"line":145,"column":57}},{"start":{"line":145,"column":61},"end":{"line":145,"column":88}}]},"22":{"loc":{"start":{"line":147,"column":31},"end":{"line":148,"column":99}},"type":"binary-expr","locations":[{"start":{"line":147,"column":32},"end":{"line":147,"column":58}},{"start":{"line":147,"column":63},"end":{"line":147,"column":91}},{"start":{"line":147,"column":95},"end":{"line":147,"column":112}},{"start":{"line":148,"column":17},"end":{"line":148,"column":43}},{"start":{"line":148,"column":48},"end":{"line":148,"column":76}},{"start":{"line":148,"column":80},"end":{"line":148,"column":97}}]},"23":{"loc":{"start":{"line":157,"column":8},"end":{"line":162,"column":9}},"type":"if","locations":[{"start":{"line":157,"column":8},"end":{"line":162,"column":9}}]},"24":{"loc":{"start":{"line":158,"column":31},"end":{"line":158,"column":126}},"type":"binary-expr","locations":[{"start":{"line":158,"column":31},"end":{"line":158,"column":57}},{"start":{"line":158,"column":62},"end":{"line":158,"column":90}},{"start":{"line":158,"column":94},"end":{"line":158,"column":111}},{"start":{"line":158,"column":115},"end":{"line":158,"column":125}}]},"25":{"loc":{"start":{"line":159,"column":31},"end":{"line":159,"column":126}},"type":"binary-expr","locations":[{"start":{"line":159,"column":31},"end":{"line":159,"column":57}},{"start":{"line":159,"column":62},"end":{"line":159,"column":90}},{"start":{"line":159,"column":94},"end":{"line":159,"column":111}},{"start":{"line":159,"column":115},"end":{"line":159,"column":125}}]},"26":{"loc":{"start":{"line":161,"column":19},"end":{"line":161,"column":43}},"type":"binary-expr","locations":[{"start":{"line":161,"column":19},"end":{"line":161,"column":29}},{"start":{"line":161,"column":33},"end":{"line":161,"column":43}}]},"27":{"loc":{"start":{"line":164,"column":15},"end":{"line":164,"column":65}},"type":"binary-expr","locations":[{"start":{"line":164,"column":15},"end":{"line":164,"column":38}},{"start":{"line":164,"column":42},"end":{"line":164,"column":65}}]},"28":{"loc":{"start":{"line":171,"column":15},"end":{"line":171,"column":79}},"type":"binary-expr","locations":[{"start":{"line":171,"column":15},"end":{"line":171,"column":45}},{"start":{"line":171,"column":49},"end":{"line":171,"column":79}}]},"29":{"loc":{"start":{"line":181,"column":38},"end":{"line":181,"column":66}},"type":"cond-expr","locations":[{"start":{"line":181,"column":57},"end":{"line":181,"column":60}},{"start":{"line":181,"column":63},"end":{"line":181,"column":66}}]},"30":{"loc":{"start":{"line":182,"column":38},"end":{"line":182,"column":66}},"type":"cond-expr","locations":[{"start":{"line":182,"column":57},"end":{"line":182,"column":60}},{"start":{"line":182,"column":63},"end":{"line":182,"column":66}}]},"31":{"loc":{"start":{"line":190,"column":8},"end":{"line":192,"column":9}},"type":"if","locations":[{"start":{"line":190,"column":8},"end":{"line":192,"column":9}}]},"32":{"loc":{"start":{"line":196,"column":8},"end":{"line":198,"column":9}},"type":"if","locations":[{"start":{"line":196,"column":8},"end":{"line":198,"column":9}}]},"33":{"loc":{"start":{"line":207,"column":25},"end":{"line":207,"column":103}},"type":"binary-expr","locations":[{"start":{"line":207,"column":25},"end":{"line":207,"column":62}},{"start":{"line":207,"column":66},"end":{"line":207,"column":103}}]},"34":{"loc":{"start":{"line":208,"column":25},"end":{"line":208,"column":103}},"type":"binary-expr","locations":[{"start":{"line":208,"column":25},"end":{"line":208,"column":62}},{"start":{"line":208,"column":66},"end":{"line":208,"column":103}}]},"35":{"loc":{"start":{"line":209,"column":15},"end":{"line":210,"column":101}},"type":"binary-expr","locations":[{"start":{"line":209,"column":15},"end":{"line":209,"column":23}},{"start":{"line":209,"column":27},"end":{"line":209,"column":35}},{"start":{"line":210,"column":13},"end":{"line":210,"column":52}},{"start":{"line":210,"column":57},"end":{"line":210,"column":76}},{"start":{"line":210,"column":80},"end":{"line":210,"column":99}}]},"36":{"loc":{"start":{"line":243,"column":8},"end":{"line":245,"column":9}},"type":"if","locations":[{"start":{"line":243,"column":8},"end":{"line":245,"column":9}}]},"37":{"loc":{"start":{"line":243,"column":12},"end":{"line":243,"column":96}},"type":"binary-expr","locations":[{"start":{"line":243,"column":12},"end":{"line":243,"column":31}},{"start":{"line":243,"column":35},"end":{"line":243,"column":54}},{"start":{"line":243,"column":58},"end":{"line":243,"column":75}},{"start":{"line":243,"column":79},"end":{"line":243,"column":96}}]},"38":{"loc":{"start":{"line":259,"column":8},"end":{"line":261,"column":9}},"type":"if","locations":[{"start":{"line":259,"column":8},"end":{"line":261,"column":9}}]},"39":{"loc":{"start":{"line":265,"column":70},"end":{"line":265,"column":85}},"type":"default-arg","locations":[{"start":{"line":265,"column":81},"end":{"line":265,"column":85}}]},"40":{"loc":{"start":{"line":266,"column":15},"end":{"line":266,"column":81}},"type":"cond-expr","locations":[{"start":{"line":266,"column":46},"end":{"line":266,"column":47}},{"start":{"line":266,"column":50},"end":{"line":266,"column":81}}]},"41":{"loc":{"start":{"line":275,"column":11},"end":{"line":275,"column":51}},"type":"cond-expr","locations":[{"start":{"line":275,"column":35},"end":{"line":275,"column":42}},{"start":{"line":275,"column":45},"end":{"line":275,"column":51}}]}},"s":{"0":3,"1":1915,"2":1915,"3":5,"4":2,"5":5,"6":3,"7":398,"8":24,"9":394,"10":3,"11":391,"12":391,"13":391,"14":678,"15":37,"16":37,"17":2,"18":35,"19":665,"20":35,"21":35,"22":4,"23":31,"24":715,"25":32,"26":32,"27":31,"28":1,"29":547,"30":30,"31":30,"32":1,"33":29,"34":14,"35":14,"36":14,"37":82,"38":82,"39":13,"40":69,"41":82,"42":71,"43":71,"44":10,"45":61,"46":71,"47":33,"48":17,"49":17,"50":17,"51":16,"52":53,"53":147,"54":147,"55":147,"56":136,"57":136,"58":17,"59":119,"60":119,"61":3,"62":116,"63":492,"64":492,"65":492,"66":55,"67":55,"68":32,"69":23,"70":82,"71":82,"72":82,"73":82,"74":13,"75":69,"76":69,"77":69,"78":67,"79":66,"80":66,"81":66,"82":66,"83":12,"84":54,"85":134,"86":167,"87":3,"88":294},"f":{"0":1915,"1":5,"2":398,"3":678,"4":37,"5":665,"6":35,"7":715,"8":32,"9":547,"10":30,"11":14,"12":82,"13":71,"14":33,"15":53,"16":147,"17":136,"18":492,"19":55,"20":82,"21":134,"22":167,"23":294},"b":{"0":[200],"1":[2],"2":[5,3],"3":[5,3],"4":[24],"5":[3],"6":[2],"7":[37,5,3],"8":[4],"9":[35,6,5],"10":[708,7],"11":[31,1],"12":[4,543],"13":[1,29],"14":[14,5,3],"15":[14,6,3],"16":[14,10],"17":[13,69],"18":[13,13],"19":[69,23,6,51,28,12],"20":[10,61],"21":[10,7],"22":[61,3,3,61,49,5],"23":[17],"24":[17,6,5,5],"25":[17,8,8,1],"26":[17,16],"27":[16,9],"28":[53,36],"29":[116,31],"30":[107,40],"31":[17],"32":[3],"33":[492,18],"34":[492,16],"35":[492,492,492,32,19],"36":[13],"37":[82,47,74,40],"38":[12],"39":[134],"40":[133,1],"41":[2,292]}}
,"C:\\Users\\colin\\Git Repos\\cjsutils\\src\\intervalSet.ts": {"path":"C:\\Users\\colin\\Git Repos\\cjsutils\\src\\intervalSet.ts","statementMap":{"0":{"start":{"line":352,"column":0},"end":{"line":352,"column":16}},"1":{"start":{"line":356,"column":0},"end":{"line":356,"column":16}},"2":{"start":{"line":1,"column":0},"end":{"line":1,"column":79}},"3":{"start":{"line":9,"column":34},"end":{"line":9,"column":38}},"4":{"start":{"line":8,"column":0},"end":{"line":8,"column":13}},"5":{"start":{"line":21,"column":37},"end":{"line":21,"column":39}},"6":{"start":{"line":22,"column":43},"end":{"line":22,"column":47}},"7":{"start":{"line":32,"column":8},"end":{"line":37,"column":9}},"8":{"start":{"line":33,"column":12},"end":{"line":36,"column":13}},"9":{"start":{"line":34,"column":39},"end":{"line":34,"column":61}},"10":{"start":{"line":35,"column":16},"end":{"line":35,"column":53}},"11":{"start":{"line":38,"column":8},"end":{"line":38,"column":103}},"12":{"start":{"line":45,"column":8},"end":{"line":45,"column":79}},"13":{"start":{"line":45,"column":62},"end":{"line":45,"column":77}},"14":{"start":{"line":54,"column":8},"end":{"line":54,"column":40}},"15":{"start":{"line":57,"column":8},"end":{"line":57,"column":41}},"16":{"start":{"line":58,"column":8},"end":{"line":60,"column":9}},"17":{"start":{"line":59,"column":12},"end":{"line":59,"column":56}},"18":{"start":{"line":67,"column":8},"end":{"line":81,"column":11}},"19":{"start":{"line":68,"column":12},"end":{"line":80,"column":13}},"20":{"start":{"line":69,"column":16},"end":{"line":69,"column":26}},"21":{"start":{"line":70,"column":19},"end":{"line":80,"column":13}},"22":{"start":{"line":71,"column":16},"end":{"line":71,"column":25}},"23":{"start":{"line":73,"column":16},"end":{"line":79,"column":17}},"24":{"start":{"line":74,"column":20},"end":{"line":74,"column":30}},"25":{"start":{"line":75,"column":23},"end":{"line":79,"column":17}},"26":{"start":{"line":76,"column":20},"end":{"line":76,"column":29}},"27":{"start":{"line":78,"column":20},"end":{"line":78,"column":29}},"28":{"start":{"line":93,"column":31},"end":{"line":93,"column":53}},"29":{"start":{"line":94,"column":8},"end":{"line":94,"column":45}},"30":{"start":{"line":95,"column":8},"end":{"line":97,"column":9}},"31":{"start":{"line":96,"column":12},"end":{"line":96,"column":56}},"32":{"start":{"line":109,"column":31},"end":{"line":109,"column":53}},"33":{"start":{"line":110,"column":8},"end":{"line":110,"column":119}},"34":{"start":{"line":110,"column":75},"end":{"line":110,"column":117}},"35":{"start":{"line":120,"column":8},"end":{"line":120,"column":92}},"36":{"start":{"line":120,"column":75},"end":{"line":120,"column":90}},"37":{"start":{"line":127,"column":8},"end":{"line":127,"column":29}},"38":{"start":{"line":134,"column":8},"end":{"line":134,"column":36}},"39":{"start":{"line":136,"column":16},"end":{"line":136,"column":17}},"40":{"start":{"line":137,"column":8},"end":{"line":159,"column":9}},"41":{"start":{"line":138,"column":28},"end":{"line":138,"column":40}},"42":{"start":{"line":139,"column":25},"end":{"line":139,"column":41}},"43":{"start":{"line":142,"column":12},"end":{"line":158,"column":13}},"44":{"start":{"line":147,"column":16},"end":{"line":150,"column":18}},"45":{"start":{"line":151,"column":16},"end":{"line":154,"column":18}},"46":{"start":{"line":155,"column":16},"end":{"line":155,"column":43}},"47":{"start":{"line":157,"column":16},"end":{"line":157,"column":20}},"48":{"start":{"line":170,"column":31},"end":{"line":170,"column":76}},"49":{"start":{"line":171,"column":30},"end":{"line":171,"column":73}},"50":{"start":{"line":171,"column":57},"end":{"line":171,"column":72}},"51":{"start":{"line":172,"column":8},"end":{"line":174,"column":9}},"52":{"start":{"line":173,"column":12},"end":{"line":173,"column":54}},"53":{"start":{"line":175,"column":8},"end":{"line":175,"column":40}},"54":{"start":{"line":177,"column":8},"end":{"line":179,"column":49}},"55":{"start":{"line":183,"column":33},"end":{"line":183,"column":35}},"56":{"start":{"line":184,"column":28},"end":{"line":184,"column":71}},"57":{"start":{"line":184,"column":50},"end":{"line":184,"column":70}},"58":{"start":{"line":185,"column":8},"end":{"line":187,"column":9}},"59":{"start":{"line":186,"column":12},"end":{"line":186,"column":24}},"60":{"start":{"line":188,"column":37},"end":{"line":188,"column":82}},"61":{"start":{"line":188,"column":61},"end":{"line":188,"column":81}},"62":{"start":{"line":190,"column":8},"end":{"line":192,"column":9}},"63":{"start":{"line":191,"column":12},"end":{"line":191,"column":30}},"64":{"start":{"line":194,"column":8},"end":{"line":199,"column":9}},"65":{"start":{"line":195,"column":12},"end":{"line":198,"column":16}},"66":{"start":{"line":201,"column":8},"end":{"line":208,"column":9}},"67":{"start":{"line":201,"column":21},"end":{"line":201,"column":22}},"68":{"start":{"line":202,"column":28},"end":{"line":202,"column":51}},"69":{"start":{"line":203,"column":25},"end":{"line":203,"column":52}},"70":{"start":{"line":204,"column":12},"end":{"line":207,"column":16}},"71":{"start":{"line":210,"column":8},"end":{"line":215,"column":9}},"72":{"start":{"line":211,"column":12},"end":{"line":214,"column":16}},"73":{"start":{"line":217,"column":8},"end":{"line":217,"column":20}},"74":{"start":{"line":221,"column":33},"end":{"line":221,"column":35}},"75":{"start":{"line":222,"column":8},"end":{"line":224,"column":9}},"76":{"start":{"line":223,"column":12},"end":{"line":223,"column":24}},"77":{"start":{"line":225,"column":8},"end":{"line":238,"column":9}},"78":{"start":{"line":226,"column":12},"end":{"line":237,"column":13}},"79":{"start":{"line":226,"column":25},"end":{"line":226,"column":26}},"80":{"start":{"line":227,"column":32},"end":{"line":227,"column":44}},"81":{"start":{"line":228,"column":29},"end":{"line":228,"column":45}},"82":{"start":{"line":230,"column":16},"end":{"line":236,"column":17}},"83":{"start":{"line":232,"column":20},"end":{"line":235,"column":24}},"84":{"start":{"line":239,"column":8},"end":{"line":239,"column":20}},"85":{"start":{"line":249,"column":31},"end":{"line":249,"column":53}},"86":{"start":{"line":251,"column":49},"end":{"line":251,"column":125}},"87":{"start":{"line":251,"column":98},"end":{"line":251,"column":124}},"88":{"start":{"line":252,"column":8},"end":{"line":277,"column":9}},"89":{"start":{"line":253,"column":43},"end":{"line":253,"column":135}},"90":{"start":{"line":255,"column":45},"end":{"line":255,"column":166}},"91":{"start":{"line":255,"column":94},"end":{"line":255,"column":165}},"92":{"start":{"line":256,"column":12},"end":{"line":259,"column":13}},"93":{"start":{"line":257,"column":16},"end":{"line":257,"column":110}},"94":{"start":{"line":258,"column":16},"end":{"line":258,"column":67}},"95":{"start":{"line":261,"column":45},"end":{"line":261,"column":166}},"96":{"start":{"line":261,"column":94},"end":{"line":261,"column":165}},"97":{"start":{"line":262,"column":12},"end":{"line":265,"column":13}},"98":{"start":{"line":263,"column":16},"end":{"line":263,"column":110}},"99":{"start":{"line":264,"column":16},"end":{"line":264,"column":67}},"100":{"start":{"line":267,"column":12},"end":{"line":276,"column":13}},"101":{"start":{"line":268,"column":16},"end":{"line":268,"column":29}},"102":{"start":{"line":269,"column":16},"end":{"line":269,"column":188}},"103":{"start":{"line":270,"column":16},"end":{"line":270,"column":188}},"104":{"start":{"line":273,"column":16},"end":{"line":275,"column":17}},"105":{"start":{"line":274,"column":20},"end":{"line":274,"column":61}},"106":{"start":{"line":286,"column":30},"end":{"line":286,"column":44}},"107":{"start":{"line":287,"column":8},"end":{"line":287,"column":40}},"108":{"start":{"line":289,"column":8},"end":{"line":328,"column":9}},"109":{"start":{"line":290,"column":12},"end":{"line":301,"column":13}},"110":{"start":{"line":290,"column":25},"end":{"line":290,"column":26}},"111":{"start":{"line":291,"column":32},"end":{"line":291,"column":48}},"112":{"start":{"line":292,"column":29},"end":{"line":292,"column":49}},"113":{"start":{"line":295,"column":16},"end":{"line":300,"column":17}},"114":{"start":{"line":296,"column":50},"end":{"line":296,"column":111}},"115":{"start":{"line":296,"column":78},"end":{"line":296,"column":110}},"116":{"start":{"line":297,"column":20},"end":{"line":299,"column":21}},"117":{"start":{"line":298,"column":24},"end":{"line":298,"column":114}},"118":{"start":{"line":302,"column":12},"end":{"line":302,"column":44}},"119":{"start":{"line":304,"column":12},"end":{"line":327,"column":13}},"120":{"start":{"line":304,"column":25},"end":{"line":304,"column":26}},"121":{"start":{"line":305,"column":32},"end":{"line":305,"column":48}},"122":{"start":{"line":306,"column":29},"end":{"line":306,"column":49}},"123":{"start":{"line":308,"column":16},"end":{"line":326,"column":17}},"124":{"start":{"line":309,"column":20},"end":{"line":309,"column":51}},"125":{"start":{"line":311,"column":20},"end":{"line":311,"column":142}},"126":{"start":{"line":313,"column":50},"end":{"line":313,"column":114}},"127":{"start":{"line":313,"column":78},"end":{"line":313,"column":113}},"128":{"start":{"line":314,"column":20},"end":{"line":316,"column":21}},"129":{"start":{"line":315,"column":24},"end":{"line":315,"column":64}},"130":{"start":{"line":318,"column":20},"end":{"line":318,"column":46}},"131":{"start":{"line":320,"column":20},"end":{"line":320,"column":24}},"132":{"start":{"line":321,"column":23},"end":{"line":326,"column":17}},"133":{"start":{"line":322,"column":50},"end":{"line":322,"column":111}},"134":{"start":{"line":322,"column":78},"end":{"line":322,"column":110}},"135":{"start":{"line":323,"column":20},"end":{"line":325,"column":21}},"136":{"start":{"line":324,"column":24},"end":{"line":324,"column":114}},"137":{"start":{"line":340,"column":8},"end":{"line":340,"column":85}},"138":{"start":{"line":340,"column":64},"end":{"line":340,"column":83}},"139":{"start":{"line":348,"column":8},"end":{"line":348,"column":79}},"140":{"start":{"line":348,"column":47},"end":{"line":348,"column":66}},"141":{"start":{"line":20,"column":0},"end":{"line":20,"column":13}},"142":{"start":{"line":353,"column":4},"end":{"line":353,"column":25}},"143":{"start":{"line":357,"column":4},"end":{"line":357,"column":25}}},"fnMap":{"0":{"name":"(anonymous_0)","decl":{"start":{"line":31,"column":4},"end":{"line":31,"column":16}},"loc":{"start":{"line":31,"column":98},"end":{"line":39,"column":5}}},"1":{"name":"(anonymous_1)","decl":{"start":{"line":44,"column":4},"end":{"line":44,"column":8}},"loc":{"start":{"line":44,"column":17},"end":{"line":46,"column":5}}},"2":{"name":"(anonymous_2)","decl":{"start":{"line":45,"column":35},"end":{"line":45,"column":36}},"loc":{"start":{"line":45,"column":62},"end":{"line":45,"column":77}}},"3":{"name":"(anonymous_3)","decl":{"start":{"line":53,"column":4},"end":{"line":53,"column":8}},"loc":{"start":{"line":53,"column":26},"end":{"line":55,"column":5}}},"4":{"name":"(anonymous_4)","decl":{"start":{"line":56,"column":4},"end":{"line":56,"column":8}},"loc":{"start":{"line":56,"column":41},"end":{"line":61,"column":5}}},"5":{"name":"(anonymous_5)","decl":{"start":{"line":66,"column":4},"end":{"line":66,"column":10}},"loc":{"start":{"line":66,"column":37},"end":{"line":82,"column":5}}},"6":{"name":"(anonymous_6)","decl":{"start":{"line":67,"column":23},"end":{"line":67,"column":24}},"loc":{"start":{"line":67,"column":60},"end":{"line":81,"column":9}}},"7":{"name":"(anonymous_7)","decl":{"start":{"line":92,"column":4},"end":{"line":92,"column":15}},"loc":{"start":{"line":92,"column":44},"end":{"line":98,"column":5}}},"8":{"name":"(anonymous_8)","decl":{"start":{"line":108,"column":4},"end":{"line":108,"column":18}},"loc":{"start":{"line":108,"column":47},"end":{"line":111,"column":5}}},"9":{"name":"(anonymous_9)","decl":{"start":{"line":110,"column":49},"end":{"line":110,"column":50}},"loc":{"start":{"line":110,"column":75},"end":{"line":110,"column":117}}},"10":{"name":"(anonymous_10)","decl":{"start":{"line":119,"column":4},"end":{"line":119,"column":24}},"loc":{"start":{"line":119,"column":37},"end":{"line":121,"column":5}}},"11":{"name":"(anonymous_11)","decl":{"start":{"line":120,"column":49},"end":{"line":120,"column":50}},"loc":{"start":{"line":120,"column":75},"end":{"line":120,"column":90}}},"12":{"name":"(anonymous_12)","decl":{"start":{"line":126,"column":4},"end":{"line":126,"column":9}},"loc":{"start":{"line":126,"column":9},"end":{"line":128,"column":5}}},"13":{"name":"(anonymous_13)","decl":{"start":{"line":133,"column":12},"end":{"line":133,"column":18}},"loc":{"start":{"line":133,"column":55},"end":{"line":160,"column":5}}},"14":{"name":"(anonymous_14)","decl":{"start":{"line":169,"column":4},"end":{"line":169,"column":19}},"loc":{"start":{"line":169,"column":49},"end":{"line":180,"column":5}}},"15":{"name":"(anonymous_15)","decl":{"start":{"line":171,"column":50},"end":{"line":171,"column":51}},"loc":{"start":{"line":171,"column":57},"end":{"line":171,"column":72}}},"16":{"name":"(anonymous_16)","decl":{"start":{"line":182,"column":12},"end":{"line":182,"column":31}},"loc":{"start":{"line":182,"column":73},"end":{"line":218,"column":5}}},"17":{"name":"(anonymous_17)","decl":{"start":{"line":184,"column":43},"end":{"line":184,"column":44}},"loc":{"start":{"line":184,"column":50},"end":{"line":184,"column":70}}},"18":{"name":"(anonymous_18)","decl":{"start":{"line":188,"column":54},"end":{"line":188,"column":55}},"loc":{"start":{"line":188,"column":61},"end":{"line":188,"column":81}}},"19":{"name":"(anonymous_19)","decl":{"start":{"line":220,"column":12},"end":{"line":220,"column":26}},"loc":{"start":{"line":220,"column":48},"end":{"line":240,"column":5}}},"20":{"name":"(anonymous_20)","decl":{"start":{"line":248,"column":4},"end":{"line":248,"column":21}},"loc":{"start":{"line":248,"column":50},"end":{"line":278,"column":5}}},"21":{"name":"(anonymous_21)","decl":{"start":{"line":251,"column":72},"end":{"line":251,"column":73}},"loc":{"start":{"line":251,"column":98},"end":{"line":251,"column":124}}},"22":{"name":"(anonymous_22)","decl":{"start":{"line":255,"column":68},"end":{"line":255,"column":69}},"loc":{"start":{"line":255,"column":94},"end":{"line":255,"column":165}}},"23":{"name":"(anonymous_23)","decl":{"start":{"line":261,"column":68},"end":{"line":261,"column":69}},"loc":{"start":{"line":261,"column":94},"end":{"line":261,"column":165}}},"24":{"name":"(anonymous_24)","decl":{"start":{"line":285,"column":4},"end":{"line":285,"column":18}},"loc":{"start":{"line":285,"column":18},"end":{"line":329,"column":5}}},"25":{"name":"(anonymous_25)","decl":{"start":{"line":296,"column":71},"end":{"line":296,"column":72}},"loc":{"start":{"line":296,"column":78},"end":{"line":296,"column":110}}},"26":{"name":"(anonymous_26)","decl":{"start":{"line":313,"column":71},"end":{"line":313,"column":72}},"loc":{"start":{"line":313,"column":78},"end":{"line":313,"column":113}}},"27":{"name":"(anonymous_27)","decl":{"start":{"line":322,"column":71},"end":{"line":322,"column":72}},"loc":{"start":{"line":322,"column":78},"end":{"line":322,"column":110}}},"28":{"name":"(anonymous_28)","decl":{"start":{"line":339,"column":4},"end":{"line":339,"column":26}},"loc":{"start":{"line":339,"column":36},"end":{"line":341,"column":5}}},"29":{"name":"(anonymous_29)","decl":{"start":{"line":340,"column":38},"end":{"line":340,"column":39}},"loc":{"start":{"line":340,"column":64},"end":{"line":340,"column":83}}},"30":{"name":"(anonymous_30)","decl":{"start":{"line":347,"column":4},"end":{"line":347,"column":12}},"loc":{"start":{"line":347,"column":12},"end":{"line":349,"column":5}}},"31":{"name":"(anonymous_31)","decl":{"start":{"line":348,"column":35},"end":{"line":348,"column":43}},"loc":{"start":{"line":348,"column":47},"end":{"line":348,"column":66}}},"32":{"name":"safeMin","decl":{"start":{"line":352,"column":16},"end":{"line":352,"column":23}},"loc":{"start":{"line":352,"column":56},"end":{"line":354,"column":1}}},"33":{"name":"safeMax","decl":{"start":{"line":356,"column":16},"end":{"line":356,"column":23}},"loc":{"start":{"line":356,"column":56},"end":{"line":358,"column":1}}}},"branchMap":{"0":{"loc":{"start":{"line":32,"column":8},"end":{"line":37,"column":9}},"type":"if","locations":[{"start":{"line":32,"column":8},"end":{"line":37,"column":9}}]},"1":{"loc":{"start":{"line":38,"column":34},"end":{"line":38,"column":102}},"type":"binary-expr","locations":[{"start":{"line":38,"column":34},"end":{"line":38,"column":74}},{"start":{"line":38,"column":78},"end":{"line":38,"column":102}}]},"2":{"loc":{"start":{"line":58,"column":8},"end":{"line":60,"column":9}},"type":"if","locations":[{"start":{"line":58,"column":8},"end":{"line":60,"column":9}}]},"3":{"loc":{"start":{"line":68,"column":12},"end":{"line":80,"column":13}},"type":"if","locations":[{"start":{"line":68,"column":12},"end":{"line":80,"column":13}},{"start":{"line":70,"column":19},"end":{"line":80,"column":13}}]},"4":{"loc":{"start":{"line":70,"column":19},"end":{"line":80,"column":13}},"type":"if","locations":[{"start":{"line":70,"column":19},"end":{"line":80,"column":13}},{"start":{"line":72,"column":19},"end":{"line":80,"column":13}}]},"5":{"loc":{"start":{"line":73,"column":16},"end":{"line":79,"column":17}},"type":"if","locations":[{"start":{"line":73,"column":16},"end":{"line":79,"column":17}},{"start":{"line":75,"column":23},"end":{"line":79,"column":17}}]},"6":{"loc":{"start":{"line":73,"column":20},"end":{"line":73,"column":53}},"type":"binary-expr","locations":[{"start":{"line":73,"column":20},"end":{"line":73,"column":34}},{"start":{"line":73,"column":38},"end":{"line":73,"column":53}}]},"7":{"loc":{"start":{"line":75,"column":23},"end":{"line":79,"column":17}},"type":"if","locations":[{"start":{"line":75,"column":23},"end":{"line":79,"column":17}},{"start":{"line":77,"column":23},"end":{"line":79,"column":17}}]},"8":{"loc":{"start":{"line":75,"column":27},"end":{"line":75,"column":60}},"type":"binary-expr","locations":[{"start":{"line":75,"column":27},"end":{"line":75,"column":42}},{"start":{"line":75,"column":46},"end":{"line":75,"column":60}}]},"9":{"loc":{"start":{"line":95,"column":8},"end":{"line":97,"column":9}},"type":"if","locations":[{"start":{"line":95,"column":8},"end":{"line":97,"column":9}}]},"10":{"loc":{"start":{"line":142,"column":12},"end":{"line":158,"column":13}},"type":"if","locations":[{"start":{"line":142,"column":12},"end":{"line":158,"column":13}},{"start":{"line":156,"column":19},"end":{"line":158,"column":13}}]},"11":{"loc":{"start":{"line":143,"column":16},"end":{"line":144,"column":103}},"type":"binary-expr","locations":[{"start":{"line":143,"column":16},"end":{"line":143,"column":38}},{"start":{"line":144,"column":17},"end":{"line":144,"column":55}},{"start":{"line":144,"column":60},"end":{"line":144,"column":80}},{"start":{"line":144,"column":84},"end":{"line":144,"column":101}}]},"12":{"loc":{"start":{"line":149,"column":20},"end":{"line":149,"column":61}},"type":"binary-expr","locations":[{"start":{"line":149,"column":20},"end":{"line":149,"column":40}},{"start":{"line":149,"column":44},"end":{"line":149,"column":61}}]},"13":{"loc":{"start":{"line":153,"column":20},"end":{"line":153,"column":61}},"type":"binary-expr","locations":[{"start":{"line":153,"column":20},"end":{"line":153,"column":40}},{"start":{"line":153,"column":44},"end":{"line":153,"column":61}}]},"14":{"loc":{"start":{"line":170,"column":31},"end":{"line":170,"column":76}},"type":"cond-expr","locations":[{"start":{"line":170,"column":42},"end":{"line":170,"column":64}},{"start":{"line":170,"column":67},"end":{"line":170,"column":76}}]},"15":{"loc":{"start":{"line":172,"column":8},"end":{"line":174,"column":9}},"type":"if","locations":[{"start":{"line":172,"column":8},"end":{"line":174,"column":9}}]},"16":{"loc":{"start":{"line":177,"column":15},"end":{"line":179,"column":48}},"type":"cond-expr","locations":[{"start":{"line":178,"column":14},"end":{"line":178,"column":69}},{"start":{"line":179,"column":14},"end":{"line":179,"column":48}}]},"17":{"loc":{"start":{"line":185,"column":8},"end":{"line":187,"column":9}},"type":"if","locations":[{"start":{"line":185,"column":8},"end":{"line":187,"column":9}}]},"18":{"loc":{"start":{"line":190,"column":8},"end":{"line":192,"column":9}},"type":"if","locations":[{"start":{"line":190,"column":8},"end":{"line":192,"column":9}}]},"19":{"loc":{"start":{"line":194,"column":8},"end":{"line":199,"column":9}},"type":"if","locations":[{"start":{"line":194,"column":8},"end":{"line":199,"column":9}}]},"20":{"loc":{"start":{"line":210,"column":8},"end":{"line":215,"column":9}},"type":"if","locations":[{"start":{"line":210,"column":8},"end":{"line":215,"column":9}}]},"21":{"loc":{"start":{"line":222,"column":8},"end":{"line":224,"column":9}},"type":"if","locations":[{"start":{"line":222,"column":8},"end":{"line":224,"column":9}}]},"22":{"loc":{"start":{"line":225,"column":8},"end":{"line":238,"column":9}},"type":"if","locations":[{"start":{"line":225,"column":8},"end":{"line":238,"column":9}}]},"23":{"loc":{"start":{"line":230,"column":16},"end":{"line":236,"column":17}},"type":"if","locations":[{"start":{"line":230,"column":16},"end":{"line":236,"column":17}}]},"24":{"loc":{"start":{"line":230,"column":20},"end":{"line":230,"column":136}},"type":"binary-expr","locations":[{"start":{"line":230,"column":20},"end":{"line":230,"column":43}},{"start":{"line":230,"column":48},"end":{"line":230,"column":86}},{"start":{"line":230,"column":91},"end":{"line":230,"column":112}},{"start":{"line":230,"column":116},"end":{"line":230,"column":134}}]},"25":{"loc":{"start":{"line":252,"column":8},"end":{"line":277,"column":9}},"type":"if","locations":[{"start":{"line":252,"column":8},"end":{"line":277,"column":9}}]},"26":{"loc":{"start":{"line":255,"column":94},"end":{"line":255,"column":165}},"type":"binary-expr","locations":[{"start":{"line":255,"column":94},"end":{"line":255,"column":127}},{"start":{"line":255,"column":131},"end":{"line":255,"column":165}}]},"27":{"loc":{"start":{"line":261,"column":94},"end":{"line":261,"column":165}},"type":"binary-expr","locations":[{"start":{"line":261,"column":94},"end":{"line":261,"column":127}},{"start":{"line":261,"column":131},"end":{"line":261,"column":165}}]},"28":{"loc":{"start":{"line":267,"column":12},"end":{"line":276,"column":13}},"type":"if","locations":[{"start":{"line":267,"column":12},"end":{"line":276,"column":13}},{"start":{"line":271,"column":19},"end":{"line":276,"column":13}}]},"29":{"loc":{"start":{"line":267,"column":16},"end":{"line":267,"column":125}},"type":"binary-expr","locations":[{"start":{"line":267,"column":16},"end":{"line":267,"column":61}},{"start":{"line":267,"column":65},"end":{"line":267,"column":125}}]},"30":{"loc":{"start":{"line":289,"column":8},"end":{"line":328,"column":9}},"type":"if","locations":[{"start":{"line":289,"column":8},"end":{"line":328,"column":9}},{"start":{"line":303,"column":15},"end":{"line":328,"column":9}}]},"31":{"loc":{"start":{"line":295,"column":16},"end":{"line":300,"column":17}},"type":"if","locations":[{"start":{"line":295,"column":16},"end":{"line":300,"column":17}}]},"32":{"loc":{"start":{"line":295,"column":20},"end":{"line":295,"column":104}},"type":"binary-expr","locations":[{"start":{"line":295,"column":20},"end":{"line":295,"column":58}},{"start":{"line":295,"column":62},"end":{"line":295,"column":104}}]},"33":{"loc":{"start":{"line":297,"column":20},"end":{"line":299,"column":21}},"type":"if","locations":[{"start":{"line":297,"column":20},"end":{"line":299,"column":21}}]},"34":{"loc":{"start":{"line":308,"column":16},"end":{"line":326,"column":17}},"type":"if","locations":[{"start":{"line":308,"column":16},"end":{"line":326,"column":17}},{"start":{"line":321,"column":23},"end":{"line":326,"column":17}}]},"35":{"loc":{"start":{"line":308,"column":20},"end":{"line":308,"column":89}},"type":"binary-expr","locations":[{"start":{"line":308,"column":20},"end":{"line":308,"column":49}},{"start":{"line":308,"column":53},"end":{"line":308,"column":89}}]},"36":{"loc":{"start":{"line":311,"column":99},"end":{"line":311,"column":140}},"type":"binary-expr","locations":[{"start":{"line":311,"column":99},"end":{"line":311,"column":119}},{"start":{"line":311,"column":123},"end":{"line":311,"column":140}}]},"37":{"loc":{"start":{"line":314,"column":20},"end":{"line":316,"column":21}},"type":"if","locations":[{"start":{"line":314,"column":20},"end":{"line":316,"column":21}}]},"38":{"loc":{"start":{"line":321,"column":23},"end":{"line":326,"column":17}},"type":"if","locations":[{"start":{"line":321,"column":23},"end":{"line":326,"column":17}}]},"39":{"loc":{"start":{"line":323,"column":20},"end":{"line":325,"column":21}},"type":"if","locations":[{"start":{"line":323,"column":20},"end":{"line":325,"column":21}}]},"40":{"loc":{"start":{"line":353,"column":11},"end":{"line":353,"column":24}},"type":"cond-expr","locations":[{"start":{"line":353,"column":19},"end":{"line":353,"column":20}},{"start":{"line":353,"column":23},"end":{"line":353,"column":24}}]},"41":{"loc":{"start":{"line":357,"column":11},"end":{"line":357,"column":24}},"type":"cond-expr","locations":[{"start":{"line":357,"column":19},"end":{"line":357,"column":20}},{"start":{"line":357,"column":23},"end":{"line":357,"column":24}}]}},"s":{"0":1,"1":1,"2":1,"3":2,"4":1,"5":54,"6":54,"7":54,"8":5,"9":8,"10":8,"11":54,"12":121,"13":171,"14":65,"15":63,"16":63,"17":38,"18":121,"19":58,"20":5,"21":53,"22":44,"23":9,"24":5,"25":4,"26":1,"27":3,"28":88,"29":88,"30":88,"31":50,"32":11,"33":11,"34":19,"35":2,"36":3,"37":2,"38":92,"39":92,"40":92,"41":34,"42":34,"43":34,"44":19,"45":19,"46":19,"47":15,"48":13,"49":13,"50":20,"51":13,"52":4,"53":13,"54":13,"55":6,"56":6,"57":7,"58":6,"59":2,"60":4,"61":5,"62":4,"63":1,"64":3,"65":2,"66":3,"67":3,"68":1,"69":1,"70":1,"71":3,"72":2,"73":3,"74":7,"75":7,"76":4,"77":3,"78":3,"79":3,"80":4,"81":4,"82":4,"83":4,"84":3,"85":3,"86":3,"87":4,"88":3,"89":2,"90":2,"91":3,"92":2,"93":1,"94":1,"95":2,"96":3,"97":2,"98":1,"99":1,"100":2,"101":1,"102":1,"103":1,"104":1,"105":2,"106":11,"107":11,"108":11,"109":3,"110":3,"111":3,"112":3,"113":3,"114":3,"115":6,"116":3,"117":3,"118":3,"119":8,"120":8,"121":8,"122":8,"123":8,"124":3,"125":3,"126":3,"127":3,"128":3,"129":3,"130":3,"131":3,"132":5,"133":5,"134":10,"135":5,"136":5,"137":4,"138":4,"139":2,"140":4,"141":1,"142":19,"143":22},"f":{"0":54,"1":121,"2":171,"3":65,"4":63,"5":121,"6":58,"7":88,"8":11,"9":19,"10":2,"11":3,"12":2,"13":92,"14":13,"15":20,"16":6,"17":7,"18":5,"19":7,"20":3,"21":4,"22":3,"23":3,"24":11,"25":6,"26":3,"27":10,"28":4,"29":4,"30":2,"31":4,"32":19,"33":22},"b":{"0":[5],"1":[54,32],"2":[38],"3":[5,53],"4":[44,9],"5":[5,4],"6":[9,7],"7":[1,3],"8":[4,2],"9":[50],"10":[19,15],"11":[34,23,10,9],"12":[19,1],"13":[19,8],"14":[6,7],"15":[4],"16":[6,7],"17":[2],"18":[1],"19":[2],"20":[2],"21":[4],"22":[3],"23":[4],"24":[4,4,1,1],"25":[2],"26":[3,1],"27":[3,1],"28":[1,1],"29":[2,1],"30":[3,8],"31":[3],"32":[3,1],"33":[3],"34":[3,5],"35":[8,5],"36":[3,1],"37":[3],"38":[5],"39":[5],"40":[14,5],"41":[6,16]}}
,"C:\\Users\\colin\\Git Repos\\cjsutils\\src\\range.ts": {"path":"C:\\Users\\colin\\Git Repos\\cjsutils\\src\\range.ts","statementMap":{"0":{"start":{"line":14,"column":0},"end":{"line":14,"column":16}},"1":{"start":{"line":1,"column":0},"end":{"line":1,"column":63}},"2":{"start":{"line":8,"column":4},"end":{"line":8,"column":56}},"3":{"start":{"line":8,"column":47},"end":{"line":8,"column":56}},"4":{"start":{"line":9,"column":14},"end":{"line":9,"column":26}},"5":{"start":{"line":10,"column":4},"end":{"line":10,"column":35}},"6":{"start":{"line":10,"column":26},"end":{"line":10,"column":35}},"7":{"start":{"line":11,"column":4},"end":{"line":11,"column":34}},"8":{"start":{"line":15,"column":4},"end":{"line":73,"column":9}},"9":{"start":{"line":16,"column":8},"end":{"line":72,"column":9}},"10":{"start":{"line":17,"column":26},"end":{"line":17,"column":48}},"11":{"start":{"line":18,"column":26},"end":{"line":18,"column":40}},"12":{"start":{"line":19,"column":24},"end":{"line":19,"column":38}},"13":{"start":{"line":20,"column":32},"end":{"line":20,"column":48}},"14":{"start":{"line":21,"column":30},"end":{"line":21,"column":46}},"15":{"start":{"line":24,"column":12},"end":{"line":42,"column":13}},"16":{"start":{"line":25,"column":33},"end":{"line":25,"column":46}},"17":{"start":{"line":26,"column":31},"end":{"line":26,"column":67}},"18":{"start":{"line":27,"column":35},"end":{"line":27,"column":83}},"19":{"start":{"line":28,"column":34},"end":{"line":28,"column":51}},"20":{"start":{"line":29,"column":35},"end":{"line":29,"column":71}},"21":{"start":{"line":31,"column":30},"end":{"line":31,"column":38}},"22":{"start":{"line":32,"column":16},"end":{"line":32,"column":56}},"23":{"start":{"line":32,"column":34},"end":{"line":32,"column":56}},"24":{"start":{"line":34,"column":16},"end":{"line":40,"column":17}},"25":{"start":{"line":38,"column":20},"end":{"line":38,"column":34}},"26":{"start":{"line":39,"column":20},"end":{"line":39,"column":42}},"27":{"start":{"line":41,"column":16},"end":{"line":41,"column":23}},"28":{"start":{"line":45,"column":29},"end":{"line":48,"column":null}},"29":{"start":{"line":50,"column":27},"end":{"line":50,"column":49}},"30":{"start":{"line":52,"column":26},"end":{"line":52,"column":60}},"31":{"start":{"line":53,"column":27},"end":{"line":53,"column":59}},"32":{"start":{"line":54,"column":28},"end":{"line":54,"column":50}},"33":{"start":{"line":55,"column":28},"end":{"line":55,"column":56}},"34":{"start":{"line":56,"column":30},"end":{"line":56,"column":41}},"35":{"start":{"line":57,"column":31},"end":{"line":57,"column":61}},"36":{"start":{"line":59,"column":12},"end":{"line":59,"column":52}},"37":{"start":{"line":59,"column":30},"end":{"line":59,"column":52}},"38":{"start":{"line":61,"column":12},"end":{"line":67,"column":13}},"39":{"start":{"line":65,"column":16},"end":{"line":65,"column":39}},"40":{"start":{"line":66,"column":16},"end":{"line":66,"column":38}},"41":{"start":{"line":69,"column":12},"end":{"line":71,"column":13}},"42":{"start":{"line":70,"column":16},"end":{"line":70,"column":70}}},"fnMap":{"0":{"name":"getDecimalPlaces","decl":{"start":{"line":7,"column":9},"end":{"line":7,"column":25}},"loc":{"start":{"line":7,"column":35},"end":{"line":12,"column":1}}},"1":{"name":"range","decl":{"start":{"line":14,"column":16},"end":{"line":14,"column":21}},"loc":{"start":{"line":14,"column":74},"end":{"line":74,"column":1}}},"2":{"name":"(anonymous_2)","decl":{"start":{"line":15,"column":12},"end":{"line":15,"column":20}},"loc":{"start":{"line":15,"column":21},"end":{"line":73,"column":5}}}},"branchMap":{"0":{"loc":{"start":{"line":8,"column":4},"end":{"line":8,"column":56}},"type":"if","locations":[{"start":{"line":8,"column":4},"end":{"line":8,"column":56}}]},"1":{"loc":{"start":{"line":8,"column":8},"end":{"line":8,"column":45}},"type":"binary-expr","locations":[{"start":{"line":8,"column":8},"end":{"line":8,"column":29}},{"start":{"line":8,"column":33},"end":{"line":8,"column":45}}]},"2":{"loc":{"start":{"line":10,"column":4},"end":{"line":10,"column":35}},"type":"if","locations":[{"start":{"line":10,"column":4},"end":{"line":10,"column":35}}]},"3":{"loc":{"start":{"line":14,"column":52},"end":{"line":14,"column":74}},"type":"default-arg","locations":[{"start":{"line":14,"column":73},"end":{"line":14,"column":74}}]},"4":{"loc":{"start":{"line":24,"column":12},"end":{"line":42,"column":13}},"type":"if","locations":[{"start":{"line":24,"column":12},"end":{"line":42,"column":13}}]},"5":{"loc":{"start":{"line":24,"column":16},"end":{"line":24,"column":96}},"type":"binary-expr","locations":[{"start":{"line":24,"column":16},"end":{"line":24,"column":41}},{"start":{"line":24,"column":45},"end":{"line":24,"column":68}},{"start":{"line":24,"column":72},"end":{"line":24,"column":96}}]},"6":{"loc":{"start":{"line":26,"column":31},"end":{"line":26,"column":67}},"type":"cond-expr","locations":[{"start":{"line":26,"column":50},"end":{"line":26,"column":61}},{"start":{"line":26,"column":64},"end":{"line":26,"column":67}}]},"7":{"loc":{"start":{"line":27,"column":35},"end":{"line":27,"column":83}},"type":"cond-expr","locations":[{"start":{"line":27,"column":55},"end":{"line":27,"column":68}},{"start":{"line":27,"column":71},"end":{"line":27,"column":83}}]},"8":{"loc":{"start":{"line":29,"column":35},"end":{"line":29,"column":71}},"type":"cond-expr","locations":[{"start":{"line":29,"column":47},"end":{"line":29,"column":57}},{"start":{"line":29,"column":60},"end":{"line":29,"column":71}}]},"9":{"loc":{"start":{"line":32,"column":16},"end":{"line":32,"column":56}},"type":"if","locations":[{"start":{"line":32,"column":16},"end":{"line":32,"column":56}}]},"10":{"loc":{"start":{"line":35,"column":20},"end":{"line":36,"column":93}},"type":"binary-expr","locations":[{"start":{"line":35,"column":21},"end":{"line":35,"column":30}},{"start":{"line":35,"column":36},"end":{"line":35,"column":52}},{"start":{"line":35,"column":58},"end":{"line":35,"column":67}},{"start":{"line":35,"column":71},"end":{"line":35,"column":89}},{"start":{"line":36,"column":21},"end":{"line":36,"column":31}},{"start":{"line":36,"column":37},"end":{"line":36,"column":53}},{"start":{"line":36,"column":59},"end":{"line":36,"column":68}},{"start":{"line":36,"column":72},"end":{"line":36,"column":90}}]},"11":{"loc":{"start":{"line":57,"column":31},"end":{"line":57,"column":61}},"type":"cond-expr","locations":[{"start":{"line":57,"column":43},"end":{"line":57,"column":50}},{"start":{"line":57,"column":53},"end":{"line":57,"column":61}}]},"12":{"loc":{"start":{"line":59,"column":12},"end":{"line":59,"column":52}},"type":"if","locations":[{"start":{"line":59,"column":12},"end":{"line":59,"column":52}}]},"13":{"loc":{"start":{"line":62,"column":16},"end":{"line":63,"column":89}},"type":"binary-expr","locations":[{"start":{"line":62,"column":17},"end":{"line":62,"column":26}},{"start":{"line":62,"column":32},"end":{"line":62,"column":48}},{"start":{"line":62,"column":54},"end":{"line":62,"column":63}},{"start":{"line":62,"column":67},"end":{"line":62,"column":85}},{"start":{"line":63,"column":17},"end":{"line":63,"column":27}},{"start":{"line":63,"column":33},"end":{"line":63,"column":49}},{"start":{"line":63,"column":55},"end":{"line":63,"column":64}},{"start":{"line":63,"column":68},"end":{"line":63,"column":86}}]},"14":{"loc":{"start":{"line":69,"column":12},"end":{"line":71,"column":13}},"type":"if","locations":[{"start":{"line":69,"column":12},"end":{"line":71,"column":13}}]}},"s":{"0":1,"1":1,"2":36,"3":1,"4":35,"5":35,"6":31,"7":4,"8":21,"9":21,"10":21,"11":20,"12":20,"13":20,"14":20,"15":20,"16":8,"17":8,"18":8,"19":8,"20":8,"21":8,"22":8,"23":3,"24":8,"25":32,"26":31,"27":7,"28":12,"29":12,"30":12,"31":12,"32":12,"33":12,"34":12,"35":12,"36":12,"37":2,"38":12,"39":49,"40":48,"41":1,"42":1},"f":{"0":36,"1":21,"2":21},"b":{"0":[1],"1":[36,36],"2":[31],"3":[1],"4":[8],"5":[20,12,12],"6":[7,1],"7":[3,5],"8":[5,3],"9":[3],"10":[39,27,6,4,16,12,4,2],"11":[8,4],"12":[2],"13":[60,46,11,8,21,14,6,4],"14":[1]}}
}
