TN:
SF:src\interval.ts
FN:19,(anonymous_0)
FN:27,(anonymous_1)
FN:48,(anonymous_2)
FN:67,(anonymous_3)
FN:71,(anonymous_4)
FN:79,(anonymous_5)
FN:83,(anonymous_6)
FN:91,(anonymous_7)
FN:94,(anonymous_8)
FN:103,(anonymous_9)
FN:106,(anonymous_10)
FN:118,(anonymous_11)
FN:127,(anonymous_12)
FN:142,(anonymous_13)
FN:157,(anonymous_14)
FN:171,(anonymous_15)
FN:181,(anonymous_16)
FN:196,(anonymous_17)
FN:220,(anonymous_18)
FN:237,(anonymous_19)
FN:241,(anonymous_20)
FNF:21
FNH:21
FNDA:2558,(anonymous_0)
FNDA:5,(anonymous_1)
FNDA:376,(anonymous_2)
FNDA:1147,(anonymous_3)
FNDA:37,(anonymous_4)
FNDA:969,(anonymous_5)
FNDA:35,(anonymous_6)
FNDA:715,(anonymous_7)
FNDA:32,(anonymous_8)
FNDA:547,(anonymous_9)
FNDA:30,(anonymous_10)
FNDA:14,(anonymous_11)
FNDA:82,(anonymous_12)
FNDA:71,(anonymous_13)
FNDA:33,(anonymous_14)
FNDA:53,(anonymous_15)
FNDA:148,(anonymous_16)
FNDA:60,(anonymous_17)
FNDA:5,(anonymous_18)
FNDA:134,(anonymous_19)
FNDA:33,(anonymous_20)
DA:15,2
DA:20,2558
DA:21,2558
DA:28,5
DA:29,2
DA:31,5
DA:43,2
DA:46,376
DA:49,376
DA:50,3
DA:54,373
DA:55,1
DA:60,372
DA:61,372
DA:62,372
DA:65,2
DA:69,1147
DA:72,37
DA:73,37
DA:74,2
DA:76,35
DA:81,969
DA:84,35
DA:85,35
DA:86,4
DA:88,31
DA:92,715
DA:95,32
DA:96,32
DA:97,31
DA:99,1
DA:104,547
DA:107,30
DA:108,30
DA:109,1
DA:111,29
DA:119,14
DA:120,14
DA:121,14
DA:128,82
DA:130,82
DA:131,13
DA:133,69
DA:136,82
DA:143,71
DA:145,71
DA:146,10
DA:148,61
DA:151,71
DA:158,33
DA:159,17
DA:160,17
DA:162,17
DA:165,16
DA:172,53
DA:182,148
DA:183,148
DA:184,148
DA:197,60
DA:199,60
DA:201,44
DA:202,44
DA:203,44
DA:205,44
DA:221,5
DA:222,4
DA:224,1
DA:226,1
DA:227,1
DA:228,1
DA:229,1
DA:231,1
DA:238,134
DA:242,33
LF:74
LH:74
BRDA:19,0,0,200
BRDA:28,1,0,2
BRDA:31,2,0,5
BRDA:31,2,1,3
BRDA:49,3,0,3
BRDA:54,4,0,1
BRDA:54,5,0,373
BRDA:54,5,1,8
BRDA:54,5,2,2
BRDA:62,6,0,372
BRDA:62,6,1,166
BRDA:73,7,0,2
BRDA:73,8,0,37
BRDA:73,8,1,5
BRDA:73,8,2,3
BRDA:85,9,0,4
BRDA:85,10,0,35
BRDA:85,10,1,6
BRDA:85,10,2,5
BRDA:92,11,0,708
BRDA:92,11,1,7
BRDA:96,12,0,31
BRDA:96,12,1,1
BRDA:104,13,0,4
BRDA:104,13,1,543
BRDA:108,14,0,1
BRDA:108,14,1,29
BRDA:119,15,0,14
BRDA:119,15,1,5
BRDA:119,15,2,3
BRDA:120,16,0,14
BRDA:120,16,1,6
BRDA:120,16,2,3
BRDA:121,17,0,14
BRDA:121,17,1,10
BRDA:130,18,0,13
BRDA:130,18,1,69
BRDA:131,19,0,13
BRDA:131,19,1,13
BRDA:133,20,0,69
BRDA:133,20,1,23
BRDA:133,20,2,6
BRDA:133,20,3,51
BRDA:133,20,4,28
BRDA:133,20,5,12
BRDA:145,21,0,10
BRDA:145,21,1,61
BRDA:146,22,0,10
BRDA:146,22,1,7
BRDA:148,23,0,61
BRDA:148,23,1,3
BRDA:148,23,2,3
BRDA:148,23,3,61
BRDA:148,23,4,49
BRDA:148,23,5,5
BRDA:158,24,0,17
BRDA:159,25,0,17
BRDA:159,25,1,6
BRDA:159,25,2,5
BRDA:159,25,3,5
BRDA:160,26,0,17
BRDA:160,26,1,8
BRDA:160,26,2,8
BRDA:160,26,3,1
BRDA:162,27,0,17
BRDA:162,27,1,16
BRDA:165,28,0,16
BRDA:165,28,1,9
BRDA:172,29,0,53
BRDA:172,29,1,36
BRDA:182,30,0,117
BRDA:182,30,1,31
BRDA:183,31,0,107
BRDA:183,31,1,41
BRDA:199,32,0,16
BRDA:206,33,0,44
BRDA:206,33,1,44
BRDA:206,33,2,44
BRDA:206,33,3,16
BRDA:206,33,4,16
BRDA:206,33,5,6
BRDA:221,34,0,4
BRDA:237,35,0,134
BRDA:238,36,0,133
BRDA:238,36,1,1
BRF:85
BRH:85
end_of_record
TN:
SF:src\intervalSet.ts
FN:31,(anonymous_0)
FN:44,(anonymous_1)
FN:45,(anonymous_2)
FN:53,(anonymous_3)
FN:56,(anonymous_4)
FN:66,(anonymous_5)
FN:67,(anonymous_6)
FN:92,(anonymous_7)
FN:108,(anonymous_8)
FN:110,(anonymous_9)
FN:119,(anonymous_10)
FN:120,(anonymous_11)
FN:126,(anonymous_12)
FN:133,(anonymous_13)
FN:169,(anonymous_14)
FN:171,(anonymous_15)
FN:182,(anonymous_16)
FN:184,(anonymous_17)
FN:188,(anonymous_18)
FN:220,(anonymous_19)
FN:248,(anonymous_20)
FN:251,(anonymous_21)
FN:255,(anonymous_22)
FN:261,(anonymous_23)
FN:285,(anonymous_24)
FN:296,(anonymous_25)
FN:313,(anonymous_26)
FN:322,(anonymous_27)
FN:339,(anonymous_28)
FN:340,(anonymous_29)
FN:347,(anonymous_30)
FN:348,(anonymous_31)
FNF:32
FNH:32
FNDA:54,(anonymous_0)
FNDA:121,(anonymous_1)
FNDA:171,(anonymous_2)
FNDA:65,(anonymous_3)
FNDA:63,(anonymous_4)
FNDA:121,(anonymous_5)
FNDA:58,(anonymous_6)
FNDA:88,(anonymous_7)
FNDA:11,(anonymous_8)
FNDA:19,(anonymous_9)
FNDA:2,(anonymous_10)
FNDA:3,(anonymous_11)
FNDA:2,(anonymous_12)
FNDA:92,(anonymous_13)
FNDA:13,(anonymous_14)
FNDA:20,(anonymous_15)
FNDA:6,(anonymous_16)
FNDA:7,(anonymous_17)
FNDA:5,(anonymous_18)
FNDA:7,(anonymous_19)
FNDA:3,(anonymous_20)
FNDA:4,(anonymous_21)
FNDA:3,(anonymous_22)
FNDA:3,(anonymous_23)
FNDA:11,(anonymous_24)
FNDA:6,(anonymous_25)
FNDA:3,(anonymous_26)
FNDA:10,(anonymous_27)
FNDA:4,(anonymous_28)
FNDA:4,(anonymous_29)
FNDA:2,(anonymous_30)
FNDA:4,(anonymous_31)
DA:1,1
DA:8,1
DA:9,2
DA:20,1
DA:21,54
DA:22,54
DA:32,54
DA:33,5
DA:34,8
DA:35,8
DA:38,54
DA:45,171
DA:54,65
DA:57,63
DA:58,63
DA:59,38
DA:67,121
DA:68,58
DA:69,5
DA:70,53
DA:71,44
DA:73,9
DA:74,5
DA:75,4
DA:76,1
DA:78,3
DA:93,88
DA:94,88
DA:95,88
DA:96,50
DA:109,11
DA:110,19
DA:120,3
DA:127,2
DA:134,92
DA:136,92
DA:137,92
DA:138,34
DA:139,34
DA:142,34
DA:147,19
DA:151,19
DA:155,19
DA:157,15
DA:170,13
DA:171,20
DA:172,13
DA:173,4
DA:175,13
DA:177,13
DA:183,6
DA:184,7
DA:185,6
DA:186,2
DA:188,5
DA:190,4
DA:191,1
DA:194,3
DA:195,2
DA:201,3
DA:202,1
DA:203,1
DA:204,1
DA:210,3
DA:211,2
DA:217,3
DA:221,7
DA:222,7
DA:223,4
DA:225,3
DA:226,3
DA:227,4
DA:228,4
DA:230,4
DA:232,4
DA:239,3
DA:249,3
DA:251,4
DA:252,3
DA:253,2
DA:255,3
DA:256,2
DA:257,1
DA:258,1
DA:261,3
DA:262,2
DA:263,1
DA:264,1
DA:267,2
DA:268,1
DA:269,1
DA:270,1
DA:273,1
DA:274,2
DA:286,11
DA:287,11
DA:289,11
DA:290,3
DA:291,3
DA:292,3
DA:295,3
DA:296,6
DA:297,3
DA:298,3
DA:302,3
DA:304,8
DA:305,8
DA:306,8
DA:308,8
DA:309,3
DA:311,3
DA:313,3
DA:314,3
DA:315,3
DA:318,3
DA:320,3
DA:321,5
DA:322,10
DA:323,5
DA:324,5
DA:340,4
DA:348,4
LF:122
LH:122
BRDA:32,0,0,5
BRDA:38,1,0,54
BRDA:38,1,1,32
BRDA:58,2,0,38
BRDA:68,3,0,5
BRDA:68,3,1,53
BRDA:70,4,0,44
BRDA:70,4,1,9
BRDA:73,5,0,5
BRDA:73,5,1,4
BRDA:73,6,0,9
BRDA:73,6,1,7
BRDA:75,7,0,1
BRDA:75,7,1,3
BRDA:75,8,0,4
BRDA:75,8,1,2
BRDA:95,9,0,50
BRDA:142,10,0,19
BRDA:142,10,1,15
BRDA:143,11,0,34
BRDA:143,11,1,23
BRDA:143,11,2,10
BRDA:143,11,3,9
BRDA:149,12,0,19
BRDA:149,12,1,1
BRDA:153,13,0,19
BRDA:153,13,1,8
BRDA:170,14,0,6
BRDA:170,14,1,7
BRDA:172,15,0,4
BRDA:177,16,0,6
BRDA:177,16,1,7
BRDA:185,17,0,2
BRDA:190,18,0,1
BRDA:194,19,0,2
BRDA:210,20,0,2
BRDA:222,21,0,4
BRDA:225,22,0,3
BRDA:230,23,0,4
BRDA:230,24,0,4
BRDA:230,24,1,4
BRDA:230,24,2,1
BRDA:230,24,3,1
BRDA:252,25,0,2
BRDA:255,26,0,3
BRDA:255,26,1,1
BRDA:261,27,0,3
BRDA:261,27,1,1
BRDA:267,28,0,1
BRDA:267,28,1,1
BRDA:267,29,0,2
BRDA:267,29,1,1
BRDA:289,30,0,3
BRDA:289,30,1,8
BRDA:295,31,0,3
BRDA:295,32,0,3
BRDA:295,32,1,1
BRDA:297,33,0,3
BRDA:308,34,0,3
BRDA:308,34,1,5
BRDA:308,35,0,8
BRDA:308,35,1,5
BRDA:311,36,0,3
BRDA:311,36,1,1
BRDA:314,37,0,3
BRDA:321,38,0,5
BRDA:323,39,0,5
BRF:67
BRH:67
end_of_record
