TN:
SF:src\interval.ts
FN:12,(anonymous_0)
FN:20,(anonymous_1)
FN:50,(anonymous_2)
FN:66,(anonymous_3)
FN:70,(anonymous_4)
FN:78,(anonymous_5)
FN:82,(anonymous_6)
FN:90,(anonymous_7)
FN:93,(anonymous_8)
FN:102,(anonymous_9)
FN:105,(anonymous_10)
FN:117,(anonymous_11)
FN:126,(anonymous_12)
FN:141,(anonymous_13)
FN:156,(anonymous_14)
FN:170,(anonymous_15)
FN:180,(anonymous_16)
FN:186,(anonymous_17)
FN:206,(anonymous_18)
FN:222,(anonymous_19)
FN:239,(anonymous_20)
FN:265,(anonymous_21)
FN:269,(anonymous_22)
FN:274,formatNumericValue
FNF:24
FNH:24
FNDA:1915,(anonymous_0)
FNDA:5,(anonymous_1)
FNDA:398,(anonymous_2)
FNDA:678,(anonymous_3)
FNDA:37,(anonymous_4)
FNDA:665,(anonymous_5)
FNDA:35,(anonymous_6)
FNDA:715,(anonymous_7)
FNDA:32,(anonymous_8)
FNDA:547,(anonymous_9)
FNDA:30,(anonymous_10)
FNDA:14,(anonymous_11)
FNDA:82,(anonymous_12)
FNDA:71,(anonymous_13)
FNDA:33,(anonymous_14)
FNDA:53,(anonymous_15)
FNDA:147,(anonymous_16)
FNDA:136,(anonymous_17)
FNDA:492,(anonymous_18)
FNDA:55,(anonymous_19)
FNDA:82,(anonymous_20)
FNDA:134,(anonymous_21)
FNDA:167,(anonymous_22)
FNDA:294,formatNumericValue
DA:8,3
DA:13,1915
DA:14,1915
DA:21,5
DA:22,2
DA:24,5
DA:45,3
DA:51,398
DA:52,24
DA:55,394
DA:56,3
DA:61,391
DA:62,391
DA:63,391
DA:68,678
DA:71,37
DA:72,37
DA:73,2
DA:75,35
DA:80,665
DA:83,35
DA:84,35
DA:85,4
DA:87,31
DA:91,715
DA:94,32
DA:95,32
DA:96,31
DA:98,1
DA:103,547
DA:106,30
DA:107,30
DA:108,1
DA:110,29
DA:118,14
DA:119,14
DA:120,14
DA:127,82
DA:129,82
DA:130,13
DA:132,69
DA:135,82
DA:142,71
DA:144,71
DA:145,10
DA:147,61
DA:150,71
DA:157,33
DA:158,17
DA:159,17
DA:161,17
DA:164,16
DA:171,53
DA:181,147
DA:182,147
DA:183,147
DA:187,136
DA:190,136
DA:191,17
DA:195,119
DA:196,119
DA:197,3
DA:200,116
DA:207,492
DA:208,492
DA:209,492
DA:223,55
DA:224,55
DA:225,32
DA:227,23
DA:240,82
DA:241,82
DA:242,82
DA:243,82
DA:244,13
DA:246,69
DA:247,69
DA:249,69
DA:250,67
DA:252,66
DA:253,66
DA:254,66
DA:259,66
DA:260,12
DA:262,54
DA:266,134
DA:270,167
DA:274,3
DA:275,294
LF:89
LH:89
BRDA:12,0,0,200
BRDA:21,1,0,2
BRDA:21,2,0,5
BRDA:21,2,1,3
BRDA:24,3,0,5
BRDA:24,3,1,3
BRDA:51,4,0,24
BRDA:55,5,0,3
BRDA:72,6,0,2
BRDA:72,7,0,37
BRDA:72,7,1,5
BRDA:72,7,2,3
BRDA:84,8,0,4
BRDA:84,9,0,35
BRDA:84,9,1,6
BRDA:84,9,2,5
BRDA:91,10,0,708
BRDA:91,10,1,7
BRDA:95,11,0,31
BRDA:95,11,1,1
BRDA:103,12,0,4
BRDA:103,12,1,543
BRDA:107,13,0,1
BRDA:107,13,1,29
BRDA:118,14,0,14
BRDA:118,14,1,5
BRDA:118,14,2,3
BRDA:119,15,0,14
BRDA:119,15,1,6
BRDA:119,15,2,3
BRDA:120,16,0,14
BRDA:120,16,1,10
BRDA:129,17,0,13
BRDA:129,17,1,69
BRDA:130,18,0,13
BRDA:130,18,1,13
BRDA:132,19,0,69
BRDA:132,19,1,23
BRDA:132,19,2,6
BRDA:132,19,3,51
BRDA:132,19,4,28
BRDA:132,19,5,12
BRDA:144,20,0,10
BRDA:144,20,1,61
BRDA:145,21,0,10
BRDA:145,21,1,7
BRDA:147,22,0,61
BRDA:147,22,1,3
BRDA:147,22,2,3
BRDA:147,22,3,61
BRDA:147,22,4,49
BRDA:147,22,5,5
BRDA:157,23,0,17
BRDA:158,24,0,17
BRDA:158,24,1,6
BRDA:158,24,2,5
BRDA:158,24,3,5
BRDA:159,25,0,17
BRDA:159,25,1,8
BRDA:159,25,2,8
BRDA:159,25,3,1
BRDA:161,26,0,17
BRDA:161,26,1,16
BRDA:164,27,0,16
BRDA:164,27,1,9
BRDA:171,28,0,53
BRDA:171,28,1,36
BRDA:181,29,0,116
BRDA:181,29,1,31
BRDA:182,30,0,107
BRDA:182,30,1,40
BRDA:190,31,0,17
BRDA:196,32,0,3
BRDA:207,33,0,492
BRDA:207,33,1,18
BRDA:208,34,0,492
BRDA:208,34,1,16
BRDA:209,35,0,492
BRDA:209,35,1,492
BRDA:209,35,2,492
BRDA:209,35,3,32
BRDA:209,35,4,19
BRDA:243,36,0,13
BRDA:243,37,0,82
BRDA:243,37,1,47
BRDA:243,37,2,74
BRDA:243,37,3,40
BRDA:259,38,0,12
BRDA:265,39,0,134
BRDA:266,40,0,133
BRDA:266,40,1,1
BRDA:275,41,0,2
BRDA:275,41,1,292
BRF:93
BRH:93
end_of_record
TN:
SF:src\intervalSet.ts
FN:31,(anonymous_0)
FN:44,(anonymous_1)
FN:45,(anonymous_2)
FN:53,(anonymous_3)
FN:56,(anonymous_4)
FN:66,(anonymous_5)
FN:67,(anonymous_6)
FN:92,(anonymous_7)
FN:108,(anonymous_8)
FN:110,(anonymous_9)
FN:119,(anonymous_10)
FN:120,(anonymous_11)
FN:126,(anonymous_12)
FN:133,(anonymous_13)
FN:169,(anonymous_14)
FN:171,(anonymous_15)
FN:182,(anonymous_16)
FN:184,(anonymous_17)
FN:188,(anonymous_18)
FN:220,(anonymous_19)
FN:248,(anonymous_20)
FN:251,(anonymous_21)
FN:255,(anonymous_22)
FN:261,(anonymous_23)
FN:285,(anonymous_24)
FN:296,(anonymous_25)
FN:313,(anonymous_26)
FN:322,(anonymous_27)
FN:339,(anonymous_28)
FN:340,(anonymous_29)
FN:347,(anonymous_30)
FN:348,(anonymous_31)
FN:352,safeMin
FN:356,safeMax
FNF:34
FNH:34
FNDA:54,(anonymous_0)
FNDA:121,(anonymous_1)
FNDA:171,(anonymous_2)
FNDA:65,(anonymous_3)
FNDA:63,(anonymous_4)
FNDA:121,(anonymous_5)
FNDA:58,(anonymous_6)
FNDA:88,(anonymous_7)
FNDA:11,(anonymous_8)
FNDA:19,(anonymous_9)
FNDA:2,(anonymous_10)
FNDA:3,(anonymous_11)
FNDA:2,(anonymous_12)
FNDA:92,(anonymous_13)
FNDA:13,(anonymous_14)
FNDA:20,(anonymous_15)
FNDA:6,(anonymous_16)
FNDA:7,(anonymous_17)
FNDA:5,(anonymous_18)
FNDA:7,(anonymous_19)
FNDA:3,(anonymous_20)
FNDA:4,(anonymous_21)
FNDA:3,(anonymous_22)
FNDA:3,(anonymous_23)
FNDA:11,(anonymous_24)
FNDA:6,(anonymous_25)
FNDA:3,(anonymous_26)
FNDA:10,(anonymous_27)
FNDA:4,(anonymous_28)
FNDA:4,(anonymous_29)
FNDA:2,(anonymous_30)
FNDA:4,(anonymous_31)
FNDA:19,safeMin
FNDA:22,safeMax
DA:1,1
DA:8,1
DA:9,2
DA:20,1
DA:21,54
DA:22,54
DA:32,54
DA:33,5
DA:34,8
DA:35,8
DA:38,54
DA:45,171
DA:54,65
DA:57,63
DA:58,63
DA:59,38
DA:67,121
DA:68,58
DA:69,5
DA:70,53
DA:71,44
DA:73,9
DA:74,5
DA:75,4
DA:76,1
DA:78,3
DA:93,88
DA:94,88
DA:95,88
DA:96,50
DA:109,11
DA:110,19
DA:120,3
DA:127,2
DA:134,92
DA:136,92
DA:137,92
DA:138,34
DA:139,34
DA:142,34
DA:147,19
DA:151,19
DA:155,19
DA:157,15
DA:170,13
DA:171,20
DA:172,13
DA:173,4
DA:175,13
DA:177,13
DA:183,6
DA:184,7
DA:185,6
DA:186,2
DA:188,5
DA:190,4
DA:191,1
DA:194,3
DA:195,2
DA:201,3
DA:202,1
DA:203,1
DA:204,1
DA:210,3
DA:211,2
DA:217,3
DA:221,7
DA:222,7
DA:223,4
DA:225,3
DA:226,3
DA:227,4
DA:228,4
DA:230,4
DA:232,4
DA:239,3
DA:249,3
DA:251,4
DA:252,3
DA:253,2
DA:255,3
DA:256,2
DA:257,1
DA:258,1
DA:261,3
DA:262,2
DA:263,1
DA:264,1
DA:267,2
DA:268,1
DA:269,1
DA:270,1
DA:273,1
DA:274,2
DA:286,11
DA:287,11
DA:289,11
DA:290,3
DA:291,3
DA:292,3
DA:295,3
DA:296,6
DA:297,3
DA:298,3
DA:302,3
DA:304,8
DA:305,8
DA:306,8
DA:308,8
DA:309,3
DA:311,3
DA:313,3
DA:314,3
DA:315,3
DA:318,3
DA:320,3
DA:321,5
DA:322,10
DA:323,5
DA:324,5
DA:340,4
DA:348,4
DA:352,1
DA:353,19
DA:356,1
DA:357,22
LF:126
LH:126
BRDA:32,0,0,5
BRDA:38,1,0,54
BRDA:38,1,1,32
BRDA:58,2,0,38
BRDA:68,3,0,5
BRDA:68,3,1,53
BRDA:70,4,0,44
BRDA:70,4,1,9
BRDA:73,5,0,5
BRDA:73,5,1,4
BRDA:73,6,0,9
BRDA:73,6,1,7
BRDA:75,7,0,1
BRDA:75,7,1,3
BRDA:75,8,0,4
BRDA:75,8,1,2
BRDA:95,9,0,50
BRDA:142,10,0,19
BRDA:142,10,1,15
BRDA:143,11,0,34
BRDA:143,11,1,23
BRDA:143,11,2,10
BRDA:143,11,3,9
BRDA:149,12,0,19
BRDA:149,12,1,1
BRDA:153,13,0,19
BRDA:153,13,1,8
BRDA:170,14,0,6
BRDA:170,14,1,7
BRDA:172,15,0,4
BRDA:177,16,0,6
BRDA:177,16,1,7
BRDA:185,17,0,2
BRDA:190,18,0,1
BRDA:194,19,0,2
BRDA:210,20,0,2
BRDA:222,21,0,4
BRDA:225,22,0,3
BRDA:230,23,0,4
BRDA:230,24,0,4
BRDA:230,24,1,4
BRDA:230,24,2,1
BRDA:230,24,3,1
BRDA:252,25,0,2
BRDA:255,26,0,3
BRDA:255,26,1,1
BRDA:261,27,0,3
BRDA:261,27,1,1
BRDA:267,28,0,1
BRDA:267,28,1,1
BRDA:267,29,0,2
BRDA:267,29,1,1
BRDA:289,30,0,3
BRDA:289,30,1,8
BRDA:295,31,0,3
BRDA:295,32,0,3
BRDA:295,32,1,1
BRDA:297,33,0,3
BRDA:308,34,0,3
BRDA:308,34,1,5
BRDA:308,35,0,8
BRDA:308,35,1,5
BRDA:311,36,0,3
BRDA:311,36,1,1
BRDA:314,37,0,3
BRDA:321,38,0,5
BRDA:323,39,0,5
BRDA:353,40,0,14
BRDA:353,40,1,5
BRDA:357,41,0,6
BRDA:357,41,1,16
BRF:71
BRH:71
end_of_record
TN:
SF:src\range.ts
FN:7,getDecimalPlaces
FN:14,range
FN:15,(anonymous_2)
FNF:3
FNH:3
FNDA:36,getDecimalPlaces
FNDA:21,range
FNDA:21,(anonymous_2)
DA:1,1
DA:8,36
DA:9,35
DA:10,35
DA:11,4
DA:14,1
DA:15,21
DA:16,21
DA:17,21
DA:18,20
DA:19,20
DA:20,20
DA:21,20
DA:24,20
DA:25,8
DA:26,8
DA:27,8
DA:28,8
DA:29,8
DA:31,8
DA:32,8
DA:34,8
DA:38,32
DA:39,31
DA:41,7
DA:45,12
DA:50,12
DA:52,12
DA:53,12
DA:54,12
DA:55,12
DA:56,12
DA:57,12
DA:59,12
DA:61,12
DA:65,49
DA:66,48
DA:69,1
DA:70,1
LF:39
LH:39
BRDA:8,0,0,1
BRDA:8,1,0,36
BRDA:8,1,1,36
BRDA:10,2,0,31
BRDA:14,3,0,1
BRDA:24,4,0,8
BRDA:24,5,0,20
BRDA:24,5,1,12
BRDA:24,5,2,12
BRDA:26,6,0,7
BRDA:26,6,1,1
BRDA:27,7,0,3
BRDA:27,7,1,5
BRDA:29,8,0,5
BRDA:29,8,1,3
BRDA:32,9,0,3
BRDA:35,10,0,39
BRDA:35,10,1,27
BRDA:35,10,2,6
BRDA:35,10,3,4
BRDA:35,10,4,16
BRDA:35,10,5,12
BRDA:35,10,6,4
BRDA:35,10,7,2
BRDA:57,11,0,8
BRDA:57,11,1,4
BRDA:59,12,0,2
BRDA:62,13,0,60
BRDA:62,13,1,46
BRDA:62,13,2,11
BRDA:62,13,3,8
BRDA:62,13,4,21
BRDA:62,13,5,14
BRDA:62,13,6,6
BRDA:62,13,7,4
BRDA:69,14,0,1
BRF:36
BRH:36
end_of_record
